{"/home/elianiva/Dev/teknologi-umum/httpsnippet/dist/helpers/code-builder.js":{"path":"/home/elianiva/Dev/teknologi-umum/httpsnippet/dist/helpers/code-builder.js","statementMap":{"0":{"start":{"line":2,"column":13},"end":{"line":2,"column":28}},"1":{"start":{"line":14,"column":8},"end":{"line":14,"column":23}},"2":{"start":{"line":15,"column":8},"end":{"line":15,"column":39}},"3":{"start":{"line":16,"column":8},"end":{"line":16,"column":37}},"4":{"start":{"line":38,"column":30},"end":{"line":38,"column":32}},"5":{"start":{"line":39,"column":20},"end":{"line":39,"column":21}},"6":{"start":{"line":40,"column":8},"end":{"line":47,"column":9}},"7":{"start":{"line":41,"column":12},"end":{"line":41,"column":22}},"8":{"start":{"line":42,"column":12},"end":{"line":42,"column":36}},"9":{"start":{"line":43,"column":12},"end":{"line":43,"column":33}},"10":{"start":{"line":45,"column":13},"end":{"line":47,"column":9}},"11":{"start":{"line":46,"column":12},"end":{"line":46,"column":24}},"12":{"start":{"line":48,"column":8},"end":{"line":51,"column":9}},"13":{"start":{"line":49,"column":12},"end":{"line":49,"column":48}},"14":{"start":{"line":50,"column":12},"end":{"line":50,"column":31}},"15":{"start":{"line":52,"column":23},"end":{"line":52,"column":85}},"16":{"start":{"line":53,"column":8},"end":{"line":53,"column":47}},"17":{"start":{"line":54,"column":8},"end":{"line":54,"column":47}},"18":{"start":{"line":63,"column":8},"end":{"line":63,"column":65}},"19":{"start":{"line":64,"column":8},"end":{"line":64,"column":20}},"20":{"start":{"line":73,"column":8},"end":{"line":73,"column":62}},"21":{"start":{"line":74,"column":8},"end":{"line":74,"column":20}},"22":{"start":{"line":81,"column":8},"end":{"line":81,"column":29}},"23":{"start":{"line":82,"column":8},"end":{"line":82,"column":20}},"24":{"start":{"line":89,"column":8},"end":{"line":89,"column":45}},"25":{"start":{"line":92,"column":0},"end":{"line":92,"column":29}}},"fnMap":{"0":{"name":"(anonymous_0)","decl":{"start":{"line":13,"column":4},"end":{"line":13,"column":5}},"loc":{"start":{"line":13,"column":35},"end":{"line":17,"column":5}},"line":13},"1":{"name":"(anonymous_1)","decl":{"start":{"line":37,"column":4},"end":{"line":37,"column":5}},"loc":{"start":{"line":37,"column":38},"end":{"line":55,"column":5}},"line":37},"2":{"name":"(anonymous_2)","decl":{"start":{"line":62,"column":4},"end":{"line":62,"column":5}},"loc":{"start":{"line":62,"column":14},"end":{"line":65,"column":5}},"line":62},"3":{"name":"(anonymous_3)","decl":{"start":{"line":72,"column":4},"end":{"line":72,"column":5}},"loc":{"start":{"line":72,"column":11},"end":{"line":75,"column":5}},"line":72},"4":{"name":"(anonymous_4)","decl":{"start":{"line":80,"column":4},"end":{"line":80,"column":5}},"loc":{"start":{"line":80,"column":12},"end":{"line":83,"column":5}},"line":80},"5":{"name":"(anonymous_5)","decl":{"start":{"line":88,"column":4},"end":{"line":88,"column":5}},"loc":{"start":{"line":88,"column":11},"end":{"line":90,"column":5}},"line":88}},"branchMap":{"0":{"loc":{"start":{"line":16,"column":24},"end":{"line":16,"column":36}},"type":"binary-expr","locations":[{"start":{"line":16,"column":24},"end":{"line":16,"column":28}},{"start":{"line":16,"column":32},"end":{"line":16,"column":36}}],"line":16},"1":{"loc":{"start":{"line":40,"column":8},"end":{"line":47,"column":9}},"type":"if","locations":[{"start":{"line":40,"column":8},"end":{"line":47,"column":9}},{"start":{"line":40,"column":8},"end":{"line":47,"column":9}}],"line":40},"2":{"loc":{"start":{"line":45,"column":13},"end":{"line":47,"column":9}},"type":"if","locations":[{"start":{"line":45,"column":13},"end":{"line":47,"column":9}},{"start":{"line":45,"column":13},"end":{"line":47,"column":9}}],"line":45}},"s":{"0":0,"1":0,"2":0,"3":0,"4":0,"5":0,"6":0,"7":0,"8":0,"9":0,"10":0,"11":0,"12":0,"13":0,"14":0,"15":0,"16":0,"17":0,"18":0,"19":0,"20":0,"21":0,"22":0,"23":0,"24":0,"25":0},"f":{"0":0,"1":0,"2":0,"3":0,"4":0,"5":0},"b":{"0":[0,0],"1":[0,0],"2":[0,0]},"inputSourceMap":{"version":3,"file":"code-builder.js","sourceRoot":"","sources":["../../src/helpers/code-builder.js"],"names":[],"mappings":"AAAA,YAAY,CAAA;AAEZ,MAAM,IAAI,GAAG,OAAO,CAAC,MAAM,CAAC,CAAA;AAE5B;;;;;;;;GAQG;AACH,MAAM,WAAW;IACf,YAAY,WAAW,EAAE,IAAI;QAC3B,IAAI,CAAC,IAAI,GAAG,EAAE,CAAA;QACd,IAAI,CAAC,WAAW,GAAG,WAAW,CAAA;QAC9B,IAAI,CAAC,QAAQ,GAAG,IAAI,IAAI,IAAI,CAAA;IAC9B,CAAC;IACD;;;;;;;;;;;;;;;;;;OAkBG;IACH,SAAS,CAAC,gBAAgB,EAAE,IAAI;QAC9B,IAAI,eAAe,GAAG,EAAE,CAAA;QACxB,IAAI,KAAK,GAAG,CAAC,CAAA;QACb,IAAI,MAAM,CAAC,SAAS,CAAC,QAAQ,CAAC,IAAI,CAAC,gBAAgB,CAAC,KAAK,iBAAiB,EAAE;YAC1E,KAAK,GAAG,CAAC,CAAA;YACT,IAAI,GAAG,gBAAgB,CAAA;YACvB,gBAAgB,GAAG,CAAC,CAAA;SACrB;aAAM,IAAI,gBAAgB,KAAK,IAAI,EAAE;YACpC,OAAO,IAAI,CAAA;SACZ;QAED,OAAO,gBAAgB,EAAE;YACvB,eAAe,IAAI,IAAI,CAAC,WAAW,CAAA;YACnC,gBAAgB,EAAE,CAAA;SACnB;QAED,MAAM,MAAM,GAAG,KAAK,CAAC,SAAS,CAAC,KAAK,CAAC,IAAI,CAAC,SAAS,EAAE,KAAK,EAAE,SAAS,CAAC,MAAM,CAAC,CAAA;QAC7E,MAAM,CAAC,OAAO,CAAC,eAAe,GAAG,IAAI,CAAC,CAAA;QAEtC,OAAO,IAAI,CAAC,MAAM,CAAC,KAAK,CAAC,IAAI,EAAE,MAAM,CAAC,CAAA;IACxC,CAAC;IACD;;;;;OAKG;IACH,OAAO;QACL,IAAI,CAAC,IAAI,CAAC,OAAO,CAAC,IAAI,CAAC,SAAS,CAAC,KAAK,CAAC,IAAI,EAAE,SAAS,CAAC,CAAC,CAAA;QAExD,OAAO,IAAI,CAAA;IACb,CAAC;IACD;;;;;OAKG;IACH,IAAI;QACF,IAAI,CAAC,IAAI,CAAC,IAAI,CAAC,IAAI,CAAC,SAAS,CAAC,KAAK,CAAC,IAAI,EAAE,SAAS,CAAC,CAAC,CAAA;QAErD,OAAO,IAAI,CAAA;IACb,CAAC;IACD;;;OAGG;IACH,KAAK;QACH,IAAI,CAAC,IAAI,CAAC,IAAI,CAAC,IAAI,CAAC,CAAA;QAEpB,OAAO,IAAI,CAAA;IACb,CAAC;IACD;;;OAGG;IACH,IAAI;QACF,OAAO,IAAI,CAAC,IAAI,CAAC,IAAI,CAAC,IAAI,CAAC,QAAQ,CAAC,CAAA;IACtC,CAAC;CACF;AAOD,MAAM,CAAC,OAAO,GAAG,WAAW,CAAA"},"all":true},"/home/elianiva/Dev/teknologi-umum/httpsnippet/dist/helpers/form-data.js":{"path":"/home/elianiva/Dev/teknologi-umum/httpsnippet/dist/helpers/form-data.js","statementMap":{"0":{"start":{"line":29,"column":17},"end":{"line":29,"column":23}},"1":{"start":{"line":30,"column":15},"end":{"line":30,"column":28}},"2":{"start":{"line":31,"column":13},"end":{"line":31,"column":31}},"3":{"start":{"line":32,"column":15},"end":{"line":39,"column":1}},"4":{"start":{"line":33,"column":4},"end":{"line":38,"column":44}},"5":{"start":{"line":43,"column":18},"end":{"line":43,"column":82}},"6":{"start":{"line":43,"column":30},"end":{"line":43,"column":82}},"7":{"start":{"line":52,"column":17},"end":{"line":52,"column":19}},"8":{"start":{"line":53,"column":4},"end":{"line":53,"column":48}},"9":{"start":{"line":54,"column":4},"end":{"line":54,"column":63}},"10":{"start":{"line":55,"column":4},"end":{"line":58,"column":5}},"11":{"start":{"line":56,"column":8},"end":{"line":56,"column":58}},"12":{"start":{"line":57,"column":8},"end":{"line":57,"column":78}},"13":{"start":{"line":59,"column":4},"end":{"line":59,"column":44}},"14":{"start":{"line":64,"column":0},"end":{"line":72,"column":2}},"15":{"start":{"line":67,"column":19},"end":{"line":67,"column":47}},"16":{"start":{"line":68,"column":4},"end":{"line":70,"column":5}},"17":{"start":{"line":68,"column":17},"end":{"line":68,"column":18}},"18":{"start":{"line":69,"column":8},"end":{"line":69,"column":64}},"19":{"start":{"line":71,"column":4},"end":{"line":71,"column":20}},"20":{"start":{"line":77,"column":0},"end":{"line":89,"column":2}},"21":{"start":{"line":78,"column":4},"end":{"line":87,"column":5}},"22":{"start":{"line":79,"column":8},"end":{"line":79,"column":47}},"23":{"start":{"line":80,"column":8},"end":{"line":85,"column":9}},"24":{"start":{"line":81,"column":12},"end":{"line":81,"column":34}},"25":{"start":{"line":84,"column":12},"end":{"line":84,"column":24}},"26":{"start":{"line":86,"column":8},"end":{"line":86,"column":23}},"27":{"start":{"line":88,"column":4},"end":{"line":88,"column":30}},"28":{"start":{"line":90,"column":0},"end":{"line":90,"column":31}}},"fnMap":{"0":{"name":"(anonymous_0)","decl":{"start":{"line":32,"column":15},"end":{"line":32,"column":16}},"loc":{"start":{"line":32,"column":25},"end":{"line":39,"column":1}},"line":32},"1":{"name":"(anonymous_1)","decl":{"start":{"line":43,"column":18},"end":{"line":43,"column":19}},"loc":{"start":{"line":43,"column":30},"end":{"line":43,"column":82}},"line":43},"2":{"name":"getHeader","decl":{"start":{"line":51,"column":9},"end":{"line":51,"column":18}},"loc":{"start":{"line":51,"column":42},"end":{"line":60,"column":1}},"line":51},"3":{"name":"(anonymous_3)","decl":{"start":{"line":64,"column":29},"end":{"line":64,"column":30}},"loc":{"start":{"line":64,"column":35},"end":{"line":72,"column":1}},"line":64},"4":{"name":"(anonymous_4)","decl":{"start":{"line":77,"column":34},"end":{"line":77,"column":35}},"loc":{"start":{"line":77,"column":61},"end":{"line":89,"column":1}},"line":77}},"branchMap":{"0":{"loc":{"start":{"line":33,"column":12},"end":{"line":38,"column":42}},"type":"binary-expr","locations":[{"start":{"line":33,"column":12},"end":{"line":33,"column":38}},{"start":{"line":34,"column":8},"end":{"line":34,"column":48}},{"start":{"line":35,"column":8},"end":{"line":35,"column":39}},{"start":{"line":36,"column":8},"end":{"line":36,"column":43}},{"start":{"line":37,"column":8},"end":{"line":37,"column":48}},{"start":{"line":38,"column":8},"end":{"line":38,"column":42}}],"line":33},"1":{"loc":{"start":{"line":55,"column":4},"end":{"line":58,"column":5}},"type":"if","locations":[{"start":{"line":55,"column":4},"end":{"line":58,"column":5}},{"start":{"line":55,"column":4},"end":{"line":58,"column":5}}],"line":55},"2":{"loc":{"start":{"line":57,"column":35},"end":{"line":57,"column":75}},"type":"binary-expr","locations":[{"start":{"line":57,"column":35},"end":{"line":57,"column":45}},{"start":{"line":57,"column":49},"end":{"line":57,"column":75}}],"line":57},"3":{"loc":{"start":{"line":80,"column":8},"end":{"line":85,"column":9}},"type":"if","locations":[{"start":{"line":80,"column":8},"end":{"line":85,"column":9}},{"start":{"line":80,"column":8},"end":{"line":85,"column":9}}],"line":80}},"s":{"0":0,"1":0,"2":0,"3":0,"4":0,"5":0,"6":0,"7":0,"8":0,"9":0,"10":0,"11":0,"12":0,"13":0,"14":0,"15":0,"16":0,"17":0,"18":0,"19":0,"20":0,"21":0,"22":0,"23":0,"24":0,"25":0,"26":0,"27":0,"28":0},"f":{"0":0,"1":0,"2":0,"3":0,"4":0},"b":{"0":[0,0,0,0,0,0],"1":[0,0],"2":[0,0],"3":[0,0]},"inputSourceMap":{"version":3,"file":"form-data.js","sourceRoot":"","sources":["../../src/helpers/form-data.js"],"names":[],"mappings":";AAAA;;;;;;;;;;;;;;;;;;;;;;;;;;GA0BG;AAEH,MAAM,QAAQ,GAAG,MAAM,CAAA;AACvB,MAAM,MAAM,GAAG,GAAG,CAAC,MAAM,CAAC,CAAC,CAAC,CAAA;AAE5B,MAAM,IAAI,GAAG,MAAM,CAAC,WAAW,CAAA;AAE/B,MAAM,MAAM,GAAG,MAAM,CAAC,EAAE;IACtB,OAAO,CACL,OAAO,MAAM,KAAK,QAAQ;QAC1B,OAAO,MAAM,CAAC,WAAW,KAAK,UAAU;QACxC,OAAO,MAAM,CAAC,IAAI,KAAK,QAAQ;QAC/B,OAAO,MAAM,CAAC,MAAM,KAAK,UAAU;QACnC,OAAO,MAAM,CAAC,WAAW,KAAK,UAAU;QACxC,eAAe,CAAC,IAAI,CAAC,MAAM,CAAC,IAAI,CAAC,CAAC,CACnC,CAAA;AACH,CAAC,CAAA;AAED;;GAEG;AACH,MAAM,SAAS,GAAG,QAAQ,CAAC,EAAE,CAAC,GAAG,MAAM,GAAG,QAAQ,GAAG,MAAM,GAAG,QAAQ,CAAC,MAAM,CAAC,CAAC,CAAC,EAAE,CAAA;AAElF;;;;;;GAMG;AACH,SAAS,SAAS,CAAE,QAAQ,EAAE,IAAI,EAAE,KAAK;IACvC,IAAI,MAAM,GAAG,EAAE,CAAA;IAEf,MAAM,IAAI,GAAG,MAAM,GAAG,QAAQ,GAAG,QAAQ,EAAE,CAAA;IAC3C,MAAM,IAAI,yCAAyC,IAAI,GAAG,CAAA;IAE1D,IAAI,MAAM,CAAC,KAAK,CAAC,EAAE;QACjB,MAAM,IAAI,eAAe,KAAK,CAAC,IAAI,IAAI,QAAQ,EAAE,CAAA;QACjD,MAAM,IAAI,iBAAiB,KAAK,CAAC,IAAI,IAAI,0BAA0B,EAAE,CAAA;KACtE;IAED,OAAO,GAAG,MAAM,GAAG,QAAQ,CAAC,MAAM,CAAC,CAAC,CAAC,EAAE,CAAA;AACzC,CAAC;AAED;;GAEG;AACH,MAAM,CAAC,OAAO,CAAC,WAAW,GAAG,GAAG,EAAE;IAChC,2EAA2E;IAC3E,8CAA8C;IAC9C,IAAI,QAAQ,GAAG,4BAA4B,CAAA;IAC3C,KAAK,IAAI,CAAC,GAAG,CAAC,EAAE,CAAC,GAAG,EAAE,EAAE,CAAC,EAAE,EAAE;QAC3B,QAAQ,IAAI,IAAI,CAAC,KAAK,CAAC,IAAI,CAAC,MAAM,EAAE,GAAG,EAAE,CAAC,CAAC,QAAQ,CAAC,EAAE,CAAC,CAAA;KACxD;IAED,OAAO,QAAQ,CAAA;AACjB,CAAC,CAAA;AAED;;;GAGG;AACH,MAAM,CAAC,OAAO,CAAC,gBAAgB,GAAG,QAAS,CAAC,EAAE,IAAI,EAAE,QAAQ;IAC1D,KAAK,MAAM,CAAC,IAAI,EAAE,KAAK,CAAC,IAAI,IAAI,EAAE;QAChC,MAAM,SAAS,CAAC,QAAQ,EAAE,IAAI,EAAE,KAAK,CAAC,CAAA;QAEtC,IAAI,MAAM,CAAC,KAAK,CAAC,EAAE;YACjB,KAAM,CAAC,CAAC,KAAK,CAAC,MAAM,EAAE,CAAA;SACvB;aAAM;YACL,MAAM,KAAK,CAAA;SACZ;QAED,MAAM,QAAQ,CAAA;KACf;IAED,MAAM,SAAS,CAAC,QAAQ,CAAC,CAAA;AAC3B,CAAC,CAAA;AAED,MAAM,CAAC,OAAO,CAAC,MAAM,GAAG,MAAM,CAAA"},"all":true},"/home/elianiva/Dev/teknologi-umum/httpsnippet/dist/helpers/headers.js":{"path":"/home/elianiva/Dev/teknologi-umum/httpsnippet/dist/helpers/headers.js","statementMap":{"0":{"start":{"line":2,"column":0},"end":{"line":38,"column":2}},"1":{"start":{"line":11,"column":8},"end":{"line":11,"column":95}},"2":{"start":{"line":11,"column":54},"end":{"line":11,"column":92}},"3":{"start":{"line":22,"column":8},"end":{"line":26,"column":11}},"4":{"start":{"line":23,"column":12},"end":{"line":25,"column":13}},"5":{"start":{"line":24,"column":16},"end":{"line":24,"column":25}},"6":{"start":{"line":36,"column":8},"end":{"line":36,"column":95}},"7":{"start":{"line":36,"column":54},"end":{"line":36,"column":92}}},"fnMap":{"0":{"name":"(anonymous_0)","decl":{"start":{"line":10,"column":15},"end":{"line":10,"column":16}},"loc":{"start":{"line":10,"column":34},"end":{"line":12,"column":5}},"line":10},"1":{"name":"(anonymous_1)","decl":{"start":{"line":11,"column":49},"end":{"line":11,"column":50}},"loc":{"start":{"line":11,"column":54},"end":{"line":11,"column":92}},"line":11},"2":{"name":"(anonymous_2)","decl":{"start":{"line":20,"column":19},"end":{"line":20,"column":20}},"loc":{"start":{"line":20,"column":38},"end":{"line":27,"column":5}},"line":20},"3":{"name":"(anonymous_3)","decl":{"start":{"line":22,"column":41},"end":{"line":22,"column":42}},"loc":{"start":{"line":22,"column":46},"end":{"line":26,"column":9}},"line":22},"4":{"name":"(anonymous_4)","decl":{"start":{"line":35,"column":15},"end":{"line":35,"column":16}},"loc":{"start":{"line":35,"column":34},"end":{"line":37,"column":5}},"line":35},"5":{"name":"(anonymous_5)","decl":{"start":{"line":36,"column":49},"end":{"line":36,"column":50}},"loc":{"start":{"line":36,"column":54},"end":{"line":36,"column":92}},"line":36}},"branchMap":{"0":{"loc":{"start":{"line":23,"column":12},"end":{"line":25,"column":13}},"type":"if","locations":[{"start":{"line":23,"column":12},"end":{"line":25,"column":13}},{"start":{"line":23,"column":12},"end":{"line":25,"column":13}}],"line":23}},"s":{"0":0,"1":0,"2":0,"3":0,"4":0,"5":0,"6":0,"7":0},"f":{"0":0,"1":0,"2":0,"3":0,"4":0,"5":0},"b":{"0":[0,0]},"inputSourceMap":{"version":3,"file":"headers.js","sourceRoot":"","sources":["../../src/helpers/headers.js"],"names":[],"mappings":";AAAA,MAAM,CAAC,OAAO,GAAG;IACf;;;;;;OAMG;IACH,SAAS,EAAE,CAAC,OAAO,EAAE,IAAI,EAAE,EAAE;QAC3B,OAAO,OAAO,CAAC,MAAM,CAAC,IAAI,CAAC,OAAO,CAAC,CAAC,IAAI,CAAC,CAAC,CAAC,EAAE,CAAC,CAAC,CAAC,WAAW,EAAE,KAAK,IAAI,CAAC,WAAW,EAAE,CAAC,CAAC,CAAA;IACxF,CAAC;IAED;;;;;;OAMG;IACH,aAAa,EAAE,CAAC,OAAO,EAAE,IAAI,EAAE,EAAE;QAC/B,iDAAiD;QACjD,OAAO,MAAM,CAAC,IAAI,CAAC,OAAO,CAAC,CAAC,IAAI,CAAC,CAAC,CAAC,EAAE;YACnC,IAAI,CAAC,CAAC,WAAW,EAAE,KAAK,IAAI,CAAC,WAAW,EAAE,EAAE;gBAC1C,OAAO,CAAC,CAAA;aACT;QACH,CAAC,CAAC,CAAA;IACJ,CAAC;IAED;;;;;;OAMG;IACH,SAAS,EAAE,CAAC,OAAO,EAAE,IAAI,EAAE,EAAE;QAC3B,OAAO,OAAO,CAAC,MAAM,CAAC,IAAI,CAAC,OAAO,CAAC,CAAC,IAAI,CAAC,CAAC,CAAC,EAAE,CAAC,CAAC,CAAC,WAAW,EAAE,KAAK,IAAI,CAAC,WAAW,EAAE,CAAC,CAAC,CAAA;IACxF,CAAC;CACF,CAAA"},"all":true},"/home/elianiva/Dev/teknologi-umum/httpsnippet/dist/helpers/reducer.js":{"path":"/home/elianiva/Dev/teknologi-umum/httpsnippet/dist/helpers/reducer.js","statementMap":{"0":{"start":{"line":2,"column":0},"end":{"line":19,"column":2}},"1":{"start":{"line":3,"column":4},"end":{"line":6,"column":5}},"2":{"start":{"line":4,"column":8},"end":{"line":4,"column":36}},"3":{"start":{"line":5,"column":8},"end":{"line":5,"column":19}},"4":{"start":{"line":8,"column":4},"end":{"line":11,"column":5}},"5":{"start":{"line":9,"column":8},"end":{"line":9,"column":40}},"6":{"start":{"line":10,"column":8},"end":{"line":10,"column":19}},"7":{"start":{"line":13,"column":16},"end":{"line":16,"column":5}},"8":{"start":{"line":17,"column":4},"end":{"line":17,"column":25}},"9":{"start":{"line":18,"column":4},"end":{"line":18,"column":15}}},"fnMap":{"0":{"name":"(anonymous_0)","decl":{"start":{"line":2,"column":17},"end":{"line":2,"column":18}},"loc":{"start":{"line":2,"column":38},"end":{"line":19,"column":1}},"line":2}},"branchMap":{"0":{"loc":{"start":{"line":3,"column":4},"end":{"line":6,"column":5}},"type":"if","locations":[{"start":{"line":3,"column":4},"end":{"line":6,"column":5}},{"start":{"line":3,"column":4},"end":{"line":6,"column":5}}],"line":3},"1":{"loc":{"start":{"line":8,"column":4},"end":{"line":11,"column":5}},"type":"if","locations":[{"start":{"line":8,"column":4},"end":{"line":11,"column":5}},{"start":{"line":8,"column":4},"end":{"line":11,"column":5}}],"line":8}},"s":{"0":0,"1":0,"2":0,"3":0,"4":0,"5":0,"6":0,"7":0,"8":0,"9":0},"f":{"0":0},"b":{"0":[0,0],"1":[0,0]},"inputSourceMap":{"version":3,"file":"reducer.js","sourceRoot":"","sources":["../../src/helpers/reducer.js"],"names":[],"mappings":"AAAA,YAAY,CAAA;AAEZ,MAAM,CAAC,OAAO,GAAG,UAAU,GAAG,EAAE,IAAI;IAClC,IAAI,GAAG,CAAC,IAAI,CAAC,IAAI,CAAC,KAAK,SAAS,EAAE;QAChC,GAAG,CAAC,IAAI,CAAC,IAAI,CAAC,GAAG,IAAI,CAAC,KAAK,CAAA;QAC3B,OAAO,GAAG,CAAA;KACX;IAED,qDAAqD;IACrD,IAAI,GAAG,CAAC,IAAI,CAAC,IAAI,CAAC,YAAY,KAAK,EAAE;QACnC,GAAG,CAAC,IAAI,CAAC,IAAI,CAAC,CAAC,IAAI,CAAC,IAAI,CAAC,KAAK,CAAC,CAAA;QAC/B,OAAO,GAAG,CAAA;KACX;IAED,mBAAmB;IACnB,MAAM,GAAG,GAAG;QACV,GAAG,CAAC,IAAI,CAAC,IAAI,CAAC;QACd,IAAI,CAAC,KAAK;KACX,CAAA;IAED,GAAG,CAAC,IAAI,CAAC,IAAI,CAAC,GAAG,GAAG,CAAA;IAEpB,OAAO,GAAG,CAAA;AACZ,CAAC,CAAA"},"all":true},"/home/elianiva/Dev/teknologi-umum/httpsnippet/dist/helpers/shell.js":{"path":"/home/elianiva/Dev/teknologi-umum/httpsnippet/dist/helpers/shell.js","statementMap":{"0":{"start":{"line":2,"column":13},"end":{"line":2,"column":28}},"1":{"start":{"line":3,"column":0},"end":{"line":20,"column":2}},"2":{"start":{"line":10,"column":21},"end":{"line":10,"column":44}},"3":{"start":{"line":12,"column":8},"end":{"line":14,"column":9}},"4":{"start":{"line":13,"column":12},"end":{"line":13,"column":71}},"5":{"start":{"line":15,"column":8},"end":{"line":15,"column":21}},"6":{"start":{"line":18,"column":8},"end":{"line":18,"column":65}}},"fnMap":{"0":{"name":"(anonymous_0)","decl":{"start":{"line":9,"column":11},"end":{"line":9,"column":12}},"loc":{"start":{"line":9,"column":28},"end":{"line":16,"column":5}},"line":9},"1":{"name":"(anonymous_1)","decl":{"start":{"line":17,"column":12},"end":{"line":17,"column":13}},"loc":{"start":{"line":17,"column":29},"end":{"line":19,"column":5}},"line":17}},"branchMap":{"0":{"loc":{"start":{"line":12,"column":8},"end":{"line":14,"column":9}},"type":"if","locations":[{"start":{"line":12,"column":8},"end":{"line":14,"column":9}},{"start":{"line":12,"column":8},"end":{"line":14,"column":9}}],"line":12}},"s":{"0":0,"1":0,"2":0,"3":0,"4":0,"5":0,"6":0},"f":{"0":0,"1":0},"b":{"0":[0,0]},"inputSourceMap":{"version":3,"file":"shell.js","sourceRoot":"","sources":["../../src/helpers/shell.js"],"names":[],"mappings":"AAAA,YAAY,CAAA;AAEZ,MAAM,IAAI,GAAG,OAAO,CAAC,MAAM,CAAC,CAAA;AAE5B,MAAM,CAAC,OAAO,GAAG;IACf;;;;OAIG;IACH,KAAK,EAAE,UAAU,KAAK;QACpB,MAAM,IAAI,GAAG,uBAAuB,CAAA;QAEpC,0DAA0D;QAC1D,IAAI,CAAC,IAAI,CAAC,IAAI,CAAC,KAAK,CAAC,EAAE;YACrB,OAAO,IAAI,CAAC,MAAM,CAAC,QAAQ,EAAE,KAAK,CAAC,OAAO,CAAC,IAAI,EAAE,OAAO,CAAC,CAAC,CAAA;SAC3D;QAED,OAAO,KAAK,CAAA;IACd,CAAC;IAED,MAAM,EAAE,UAAU,KAAK;QACrB,OAAO,KAAK,CAAC,OAAO,CAAC,KAAK,EAAE,KAAK,CAAC,CAAC,OAAO,CAAC,KAAK,EAAE,KAAK,CAAC,CAAA;IAC1D,CAAC;CACF,CAAA"},"all":true},"/home/elianiva/Dev/teknologi-umum/httpsnippet/dist/index.js":{"path":"/home/elianiva/Dev/teknologi-umum/httpsnippet/dist/index.js","statementMap":{"0":{"start":{"line":2,"column":22},"end":{"line":4,"column":1}},"1":{"start":{"line":3,"column":4},"end":{"line":3,"column":62}},"2":{"start":{"line":5,"column":0},"end":{"line":5,"column":62}},"3":{"start":{"line":7,"column":16},"end":{"line":7,"column":49}},"4":{"start":{"line":8,"column":23},"end":{"line":8,"column":63}},"5":{"start":{"line":9,"column":22},"end":{"line":9,"column":61}},"6":{"start":{"line":10,"column":20},"end":{"line":10,"column":57}},"7":{"start":{"line":11,"column":14},"end":{"line":11,"column":45}},"8":{"start":{"line":12,"column":16},"end":{"line":12,"column":67}},"9":{"start":{"line":13,"column":18},"end":{"line":13,"column":63}},"10":{"start":{"line":14,"column":18},"end":{"line":14,"column":63}},"11":{"start":{"line":15,"column":18},"end":{"line":15,"column":55}},"12":{"start":{"line":16,"column":20},"end":{"line":16,"column":50}},"13":{"start":{"line":17,"column":14},"end":{"line":17,"column":49}},"14":{"start":{"line":22,"column":21},"end":{"line":22,"column":25}},"15":{"start":{"line":23,"column":22},"end":{"line":23,"column":45}},"16":{"start":{"line":25,"column":8},"end":{"line":25,"column":27}},"17":{"start":{"line":27,"column":8},"end":{"line":34,"column":9}},"18":{"start":{"line":28,"column":12},"end":{"line":28,"column":40}},"19":{"start":{"line":31,"column":12},"end":{"line":33,"column":19}},"20":{"start":{"line":35,"column":8},"end":{"line":52,"column":11}},"21":{"start":{"line":37,"column":12},"end":{"line":37,"column":80}},"22":{"start":{"line":38,"column":12},"end":{"line":38,"column":72}},"23":{"start":{"line":39,"column":12},"end":{"line":39,"column":64}},"24":{"start":{"line":40,"column":12},"end":{"line":40,"column":64}},"25":{"start":{"line":41,"column":12},"end":{"line":41,"column":66}},"26":{"start":{"line":42,"column":12},"end":{"line":42,"column":108}},"27":{"start":{"line":43,"column":12},"end":{"line":43,"column":39}},"28":{"start":{"line":44,"column":12},"end":{"line":44,"column":42}},"29":{"start":{"line":45,"column":12},"end":{"line":45,"column":44}},"30":{"start":{"line":46,"column":12},"end":{"line":51,"column":15}},"31":{"start":{"line":47,"column":16},"end":{"line":49,"column":17}},"32":{"start":{"line":48,"column":20},"end":{"line":48,"column":30}},"33":{"start":{"line":50,"column":16},"end":{"line":50,"column":64}},"34":{"start":{"line":56,"column":8},"end":{"line":56,"column":30}},"35":{"start":{"line":57,"column":8},"end":{"line":57,"column":32}},"36":{"start":{"line":58,"column":8},"end":{"line":58,"column":32}},"37":{"start":{"line":59,"column":8},"end":{"line":59,"column":32}},"38":{"start":{"line":60,"column":8},"end":{"line":60,"column":41}},"39":{"start":{"line":61,"column":8},"end":{"line":61,"column":43}},"40":{"start":{"line":63,"column":8},"end":{"line":66,"column":9}},"41":{"start":{"line":64,"column":12},"end":{"line":64,"column":74}},"42":{"start":{"line":65,"column":12},"end":{"line":65,"column":81}},"43":{"start":{"line":68,"column":8},"end":{"line":78,"column":9}},"44":{"start":{"line":69,"column":38},"end":{"line":69,"column":48}},"45":{"start":{"line":70,"column":12},"end":{"line":77,"column":19}},"46":{"start":{"line":71,"column":33},"end":{"line":71,"column":44}},"47":{"start":{"line":72,"column":16},"end":{"line":74,"column":17}},"48":{"start":{"line":73,"column":20},"end":{"line":73,"column":58}},"49":{"start":{"line":75,"column":16},"end":{"line":75,"column":51}},"50":{"start":{"line":76,"column":16},"end":{"line":76,"column":31}},"51":{"start":{"line":80,"column":8},"end":{"line":85,"column":9}},"52":{"start":{"line":81,"column":12},"end":{"line":84,"column":19}},"53":{"start":{"line":82,"column":16},"end":{"line":82,"column":52}},"54":{"start":{"line":83,"column":16},"end":{"line":83,"column":31}},"55":{"start":{"line":87,"column":24},"end":{"line":89,"column":10}},"56":{"start":{"line":88,"column":12},"end":{"line":88,"column":92}},"57":{"start":{"line":90,"column":8},"end":{"line":92,"column":9}},"58":{"start":{"line":91,"column":12},"end":{"line":91,"column":59}},"59":{"start":{"line":93,"column":8},"end":{"line":192,"column":9}},"60":{"start":{"line":99,"column":16},"end":{"line":99,"column":43}},"61":{"start":{"line":100,"column":16},"end":{"line":100,"column":66}},"62":{"start":{"line":101,"column":16},"end":{"line":163,"column":17}},"63":{"start":{"line":102,"column":33},"end":{"line":102,"column":58}},"64":{"start":{"line":117,"column":46},"end":{"line":117,"column":89}},"65":{"start":{"line":120,"column":37},"end":{"line":120,"column":66}},"66":{"start":{"line":124,"column":20},"end":{"line":142,"column":23}},"67":{"start":{"line":125,"column":37},"end":{"line":125,"column":47}},"68":{"start":{"line":126,"column":38},"end":{"line":126,"column":55}},"69":{"start":{"line":127,"column":41},"end":{"line":127,"column":63}},"70":{"start":{"line":128,"column":24},"end":{"line":141,"column":25}},"71":{"start":{"line":129,"column":28},"end":{"line":134,"column":29}},"72":{"start":{"line":130,"column":32},"end":{"line":130,"column":67}},"73":{"start":{"line":133,"column":32},"end":{"line":133,"column":57}},"74":{"start":{"line":137,"column":28},"end":{"line":140,"column":31}},"75":{"start":{"line":143,"column":20},"end":{"line":155,"column":21}},"76":{"start":{"line":146,"column":24},"end":{"line":148,"column":25}},"77":{"start":{"line":147,"column":28},"end":{"line":147,"column":58}},"78":{"start":{"line":152,"column":24},"end":{"line":154,"column":28}},"79":{"start":{"line":153,"column":28},"end":{"line":153,"column":58}},"80":{"start":{"line":156,"column":20},"end":{"line":156,"column":57}},"81":{"start":{"line":159,"column":46},"end":{"line":161,"column":40}},"82":{"start":{"line":162,"column":20},"end":{"line":162,"column":104}},"83":{"start":{"line":164,"column":16},"end":{"line":164,"column":22}},"84":{"start":{"line":166,"column":16},"end":{"line":173,"column":17}},"85":{"start":{"line":167,"column":20},"end":{"line":167,"column":47}},"86":{"start":{"line":170,"column":20},"end":{"line":170,"column":103}},"87":{"start":{"line":172,"column":20},"end":{"line":172,"column":104}},"88":{"start":{"line":174,"column":16},"end":{"line":174,"column":22}},"89":{"start":{"line":179,"column":16},"end":{"line":179,"column":63}},"90":{"start":{"line":180,"column":16},"end":{"line":190,"column":17}},"91":{"start":{"line":181,"column":20},"end":{"line":189,"column":21}},"92":{"start":{"line":182,"column":24},"end":{"line":182,"column":85}},"93":{"start":{"line":185,"column":24},"end":{"line":185,"column":33}},"94":{"start":{"line":188,"column":24},"end":{"line":188,"column":65}},"95":{"start":{"line":191,"column":16},"end":{"line":191,"column":22}},"96":{"start":{"line":194,"column":8},"end":{"line":194,"column":83}},"97":{"start":{"line":197,"column":8},"end":{"line":197,"column":70}},"98":{"start":{"line":199,"column":8},"end":{"line":199,"column":81}},"99":{"start":{"line":201,"column":8},"end":{"line":201,"column":36}},"100":{"start":{"line":202,"column":8},"end":{"line":202,"column":37}},"101":{"start":{"line":203,"column":8},"end":{"line":203,"column":54}},"102":{"start":{"line":205,"column":8},"end":{"line":205,"column":59}},"103":{"start":{"line":207,"column":8},"end":{"line":207,"column":48}},"104":{"start":{"line":208,"column":8},"end":{"line":208,"column":82}},"105":{"start":{"line":209,"column":8},"end":{"line":211,"column":9}},"106":{"start":{"line":210,"column":12},"end":{"line":210,"column":88}},"107":{"start":{"line":213,"column":8},"end":{"line":213,"column":63}},"108":{"start":{"line":214,"column":8},"end":{"line":214,"column":23}},"109":{"start":{"line":217,"column":8},"end":{"line":219,"column":9}},"110":{"start":{"line":218,"column":12},"end":{"line":218,"column":26}},"111":{"start":{"line":220,"column":21},"end":{"line":220,"column":54}},"112":{"start":{"line":221,"column":8},"end":{"line":226,"column":9}},"113":{"start":{"line":222,"column":28},"end":{"line":224,"column":14}},"114":{"start":{"line":223,"column":16},"end":{"line":223,"column":43}},"115":{"start":{"line":225,"column":12},"end":{"line":225,"column":63}},"116":{"start":{"line":227,"column":8},"end":{"line":227,"column":21}},"117":{"start":{"line":232,"column":8},"end":{"line":234,"column":9}},"118":{"start":{"line":233,"column":12},"end":{"line":233,"column":25}},"119":{"start":{"line":236,"column":8},"end":{"line":238,"column":9}},"120":{"start":{"line":237,"column":12},"end":{"line":237,"column":53}},"121":{"start":{"line":240,"column":8},"end":{"line":240,"column":81}},"122":{"start":{"line":244,"column":0},"end":{"line":244,"column":29}},"123":{"start":{"line":245,"column":0},"end":{"line":260,"column":2}},"124":{"start":{"line":246,"column":4},"end":{"line":258,"column":5}},"125":{"start":{"line":247,"column":8},"end":{"line":247,"column":85}},"126":{"start":{"line":249,"column":9},"end":{"line":258,"column":5}},"127":{"start":{"line":250,"column":8},"end":{"line":250,"column":139}},"128":{"start":{"line":253,"column":9},"end":{"line":258,"column":5}},"129":{"start":{"line":254,"column":8},"end":{"line":254,"column":70}},"130":{"start":{"line":256,"column":9},"end":{"line":258,"column":5}},"131":{"start":{"line":257,"column":8},"end":{"line":257,"column":77}},"132":{"start":{"line":259,"column":4},"end":{"line":259,"column":48}},"133":{"start":{"line":261,"column":0},"end":{"line":277,"column":2}},"134":{"start":{"line":263,"column":4},"end":{"line":275,"column":5}},"135":{"start":{"line":264,"column":8},"end":{"line":264,"column":84}},"136":{"start":{"line":266,"column":9},"end":{"line":275,"column":5}},"137":{"start":{"line":267,"column":8},"end":{"line":267,"column":92}},"138":{"start":{"line":269,"column":9},"end":{"line":275,"column":5}},"139":{"start":{"line":270,"column":8},"end":{"line":270,"column":123}},"140":{"start":{"line":273,"column":9},"end":{"line":275,"column":5}},"141":{"start":{"line":274,"column":8},"end":{"line":274,"column":104}},"142":{"start":{"line":276,"column":4},"end":{"line":276,"column":56}},"143":{"start":{"line":278,"column":0},"end":{"line":293,"column":2}},"144":{"start":{"line":279,"column":4},"end":{"line":292,"column":7}},"145":{"start":{"line":280,"column":23},"end":{"line":280,"column":69}},"146":{"start":{"line":281,"column":24},"end":{"line":287,"column":10}},"147":{"start":{"line":283,"column":12},"end":{"line":283,"column":53}},"148":{"start":{"line":286,"column":12},"end":{"line":286,"column":55}},"149":{"start":{"line":288,"column":8},"end":{"line":290,"column":9}},"150":{"start":{"line":289,"column":12},"end":{"line":289,"column":37}},"151":{"start":{"line":291,"column":8},"end":{"line":291,"column":22}},"152":{"start":{"line":294,"column":0},"end":{"line":296,"column":2}},"153":{"start":{"line":295,"column":4},"end":{"line":295,"column":83}}},"fnMap":{"0":{"name":"(anonymous_0)","decl":{"start":{"line":2,"column":56},"end":{"line":2,"column":57}},"loc":{"start":{"line":2,"column":71},"end":{"line":4,"column":1}},"line":2},"1":{"name":"(anonymous_1)","decl":{"start":{"line":20,"column":4},"end":{"line":20,"column":5}},"loc":{"start":{"line":20,"column":22},"end":{"line":53,"column":5}},"line":20},"2":{"name":"(anonymous_2)","decl":{"start":{"line":35,"column":24},"end":{"line":35,"column":25}},"loc":{"start":{"line":35,"column":41},"end":{"line":52,"column":9}},"line":35},"3":{"name":"(anonymous_3)","decl":{"start":{"line":46,"column":51},"end":{"line":46,"column":52}},"loc":{"start":{"line":46,"column":73},"end":{"line":51,"column":13}},"line":46},"4":{"name":"(anonymous_4)","decl":{"start":{"line":54,"column":4},"end":{"line":54,"column":5}},"loc":{"start":{"line":54,"column":21},"end":{"line":215,"column":5}},"line":54},"5":{"name":"(anonymous_5)","decl":{"start":{"line":70,"column":56},"end":{"line":70,"column":57}},"loc":{"start":{"line":70,"column":83},"end":{"line":77,"column":13}},"line":70},"6":{"name":"(anonymous_6)","decl":{"start":{"line":81,"column":61},"end":{"line":81,"column":62}},"loc":{"start":{"line":81,"column":88},"end":{"line":84,"column":13}},"line":81},"7":{"name":"(anonymous_7)","decl":{"start":{"line":87,"column":44},"end":{"line":87,"column":45}},"loc":{"start":{"line":87,"column":62},"end":{"line":89,"column":9}},"line":87},"8":{"name":"(anonymous_8)","decl":{"start":{"line":124,"column":52},"end":{"line":124,"column":53}},"loc":{"start":{"line":124,"column":69},"end":{"line":142,"column":21}},"line":124},"9":{"name":"(anonymous_9)","decl":{"start":{"line":152,"column":61},"end":{"line":152,"column":62}},"loc":{"start":{"line":152,"column":77},"end":{"line":154,"column":25}},"line":152},"10":{"name":"(anonymous_10)","decl":{"start":{"line":216,"column":4},"end":{"line":216,"column":5}},"loc":{"start":{"line":216,"column":34},"end":{"line":228,"column":5}},"line":216},"11":{"name":"(anonymous_11)","decl":{"start":{"line":222,"column":46},"end":{"line":222,"column":47}},"loc":{"start":{"line":222,"column":65},"end":{"line":224,"column":13}},"line":222},"12":{"name":"(anonymous_12)","decl":{"start":{"line":229,"column":4},"end":{"line":229,"column":5}},"loc":{"start":{"line":229,"column":33},"end":{"line":241,"column":5}},"line":229},"13":{"name":"(anonymous_13)","decl":{"start":{"line":245,"column":27},"end":{"line":245,"column":28}},"loc":{"start":{"line":245,"column":45},"end":{"line":260,"column":1}},"line":245},"14":{"name":"(anonymous_14)","decl":{"start":{"line":261,"column":33},"end":{"line":261,"column":34}},"loc":{"start":{"line":261,"column":59},"end":{"line":277,"column":1}},"line":261},"15":{"name":"(anonymous_15)","decl":{"start":{"line":278,"column":34},"end":{"line":278,"column":35}},"loc":{"start":{"line":278,"column":46},"end":{"line":293,"column":1}},"line":278},"16":{"name":"(anonymous_16)","decl":{"start":{"line":279,"column":46},"end":{"line":279,"column":47}},"loc":{"start":{"line":279,"column":61},"end":{"line":292,"column":5}},"line":279},"17":{"name":"(anonymous_17)","decl":{"start":{"line":282,"column":20},"end":{"line":282,"column":21}},"loc":{"start":{"line":282,"column":36},"end":{"line":284,"column":9}},"line":282},"18":{"name":"(anonymous_18)","decl":{"start":{"line":285,"column":17},"end":{"line":285,"column":18}},"loc":{"start":{"line":285,"column":35},"end":{"line":287,"column":9}},"line":285},"19":{"name":"(anonymous_19)","decl":{"start":{"line":294,"column":25},"end":{"line":294,"column":26}},"loc":{"start":{"line":294,"column":43},"end":{"line":296,"column":1}},"line":294}},"branchMap":{"0":{"loc":{"start":{"line":2,"column":22},"end":{"line":4,"column":1}},"type":"binary-expr","locations":[{"start":{"line":2,"column":23},"end":{"line":2,"column":27}},{"start":{"line":2,"column":31},"end":{"line":2,"column":51}},{"start":{"line":2,"column":56},"end":{"line":4,"column":1}}],"line":2},"1":{"loc":{"start":{"line":3,"column":11},"end":{"line":3,"column":61}},"type":"cond-expr","locations":[{"start":{"line":3,"column":37},"end":{"line":3,"column":40}},{"start":{"line":3,"column":43},"end":{"line":3,"column":61}}],"line":3},"2":{"loc":{"start":{"line":3,"column":12},"end":{"line":3,"column":33}},"type":"binary-expr","locations":[{"start":{"line":3,"column":12},"end":{"line":3,"column":15}},{"start":{"line":3,"column":19},"end":{"line":3,"column":33}}],"line":3},"3":{"loc":{"start":{"line":27,"column":8},"end":{"line":34,"column":9}},"type":"if","locations":[{"start":{"line":27,"column":8},"end":{"line":34,"column":9}},{"start":{"line":27,"column":8},"end":{"line":34,"column":9}}],"line":27},"4":{"loc":{"start":{"line":27,"column":12},"end":{"line":27,"column":42}},"type":"binary-expr","locations":[{"start":{"line":27,"column":12},"end":{"line":27,"column":21}},{"start":{"line":27,"column":25},"end":{"line":27,"column":42}}],"line":27},"5":{"loc":{"start":{"line":37,"column":40},"end":{"line":37,"column":79}},"type":"binary-expr","locations":[{"start":{"line":37,"column":40},"end":{"line":37,"column":65}},{"start":{"line":37,"column":69},"end":{"line":37,"column":79}}],"line":37},"6":{"loc":{"start":{"line":38,"column":40},"end":{"line":38,"column":71}},"type":"binary-expr","locations":[{"start":{"line":38,"column":40},"end":{"line":38,"column":65}},{"start":{"line":38,"column":69},"end":{"line":38,"column":71}}],"line":38},"7":{"loc":{"start":{"line":39,"column":36},"end":{"line":39,"column":63}},"type":"binary-expr","locations":[{"start":{"line":39,"column":36},"end":{"line":39,"column":57}},{"start":{"line":39,"column":61},"end":{"line":39,"column":63}}],"line":39},"8":{"loc":{"start":{"line":40,"column":36},"end":{"line":40,"column":63}},"type":"binary-expr","locations":[{"start":{"line":40,"column":36},"end":{"line":40,"column":57}},{"start":{"line":40,"column":61},"end":{"line":40,"column":63}}],"line":40},"9":{"loc":{"start":{"line":41,"column":37},"end":{"line":41,"column":65}},"type":"binary-expr","locations":[{"start":{"line":41,"column":37},"end":{"line":41,"column":59}},{"start":{"line":41,"column":63},"end":{"line":41,"column":65}}],"line":41},"10":{"loc":{"start":{"line":42,"column":46},"end":{"line":42,"column":107}},"type":"binary-expr","locations":[{"start":{"line":42,"column":46},"end":{"line":42,"column":77}},{"start":{"line":42,"column":81},"end":{"line":42,"column":107}}],"line":42},"11":{"loc":{"start":{"line":47,"column":16},"end":{"line":49,"column":17}},"type":"if","locations":[{"start":{"line":47,"column":16},"end":{"line":49,"column":17}},{"start":{"line":47,"column":16},"end":{"line":49,"column":17}}],"line":47},"12":{"loc":{"start":{"line":63,"column":8},"end":{"line":66,"column":9}},"type":"if","locations":[{"start":{"line":63,"column":8},"end":{"line":66,"column":9}},{"start":{"line":63,"column":8},"end":{"line":66,"column":9}}],"line":63},"13":{"loc":{"start":{"line":63,"column":12},"end":{"line":63,"column":61}},"type":"binary-expr","locations":[{"start":{"line":63,"column":12},"end":{"line":63,"column":31}},{"start":{"line":63,"column":35},"end":{"line":63,"column":61}}],"line":63},"14":{"loc":{"start":{"line":68,"column":8},"end":{"line":78,"column":9}},"type":"if","locations":[{"start":{"line":68,"column":8},"end":{"line":78,"column":9}},{"start":{"line":68,"column":8},"end":{"line":78,"column":9}}],"line":68},"15":{"loc":{"start":{"line":68,"column":12},"end":{"line":68,"column":53}},"type":"binary-expr","locations":[{"start":{"line":68,"column":12},"end":{"line":68,"column":27}},{"start":{"line":68,"column":31},"end":{"line":68,"column":53}}],"line":68},"16":{"loc":{"start":{"line":72,"column":16},"end":{"line":74,"column":17}},"type":"if","locations":[{"start":{"line":72,"column":16},"end":{"line":74,"column":17}},{"start":{"line":72,"column":16},"end":{"line":74,"column":17}}],"line":72},"17":{"loc":{"start":{"line":80,"column":8},"end":{"line":85,"column":9}},"type":"if","locations":[{"start":{"line":80,"column":8},"end":{"line":85,"column":9}},{"start":{"line":80,"column":8},"end":{"line":85,"column":9}}],"line":80},"18":{"loc":{"start":{"line":80,"column":12},"end":{"line":80,"column":53}},"type":"binary-expr","locations":[{"start":{"line":80,"column":12},"end":{"line":80,"column":27}},{"start":{"line":80,"column":31},"end":{"line":80,"column":53}}],"line":80},"19":{"loc":{"start":{"line":90,"column":8},"end":{"line":92,"column":9}},"type":"if","locations":[{"start":{"line":90,"column":8},"end":{"line":92,"column":9}},{"start":{"line":90,"column":8},"end":{"line":92,"column":9}}],"line":90},"20":{"loc":{"start":{"line":93,"column":8},"end":{"line":192,"column":9}},"type":"switch","locations":[{"start":{"line":94,"column":12},"end":{"line":94,"column":35}},{"start":{"line":95,"column":12},"end":{"line":95,"column":37}},{"start":{"line":96,"column":12},"end":{"line":96,"column":39}},{"start":{"line":97,"column":12},"end":{"line":164,"column":22}},{"start":{"line":165,"column":12},"end":{"line":174,"column":22}},{"start":{"line":175,"column":12},"end":{"line":175,"column":29}},{"start":{"line":176,"column":12},"end":{"line":176,"column":31}},{"start":{"line":177,"column":12},"end":{"line":177,"column":36}},{"start":{"line":178,"column":12},"end":{"line":191,"column":22}}],"line":93},"21":{"loc":{"start":{"line":101,"column":16},"end":{"line":163,"column":17}},"type":"if","locations":[{"start":{"line":101,"column":16},"end":{"line":163,"column":17}},{"start":{"line":101,"column":16},"end":{"line":163,"column":17}}],"line":101},"22":{"loc":{"start":{"line":126,"column":38},"end":{"line":126,"column":55}},"type":"binary-expr","locations":[{"start":{"line":126,"column":38},"end":{"line":126,"column":49}},{"start":{"line":126,"column":53},"end":{"line":126,"column":55}}],"line":126},"23":{"loc":{"start":{"line":127,"column":41},"end":{"line":127,"column":63}},"type":"binary-expr","locations":[{"start":{"line":127,"column":41},"end":{"line":127,"column":55}},{"start":{"line":127,"column":59},"end":{"line":127,"column":63}}],"line":127},"24":{"loc":{"start":{"line":128,"column":24},"end":{"line":141,"column":25}},"type":"if","locations":[{"start":{"line":128,"column":24},"end":{"line":141,"column":25}},{"start":{"line":128,"column":24},"end":{"line":141,"column":25}}],"line":128},"25":{"loc":{"start":{"line":129,"column":28},"end":{"line":134,"column":29}},"type":"if","locations":[{"start":{"line":129,"column":28},"end":{"line":134,"column":29}},{"start":{"line":129,"column":28},"end":{"line":134,"column":29}}],"line":129},"26":{"loc":{"start":{"line":139,"column":45},"end":{"line":139,"column":70}},"type":"binary-expr","locations":[{"start":{"line":139,"column":45},"end":{"line":139,"column":62}},{"start":{"line":139,"column":66},"end":{"line":139,"column":70}}],"line":139},"27":{"loc":{"start":{"line":143,"column":20},"end":{"line":155,"column":21}},"type":"if","locations":[{"start":{"line":143,"column":20},"end":{"line":155,"column":21}},{"start":{"line":143,"column":20},"end":{"line":155,"column":21}}],"line":143},"28":{"loc":{"start":{"line":159,"column":46},"end":{"line":161,"column":40}},"type":"cond-expr","locations":[{"start":{"line":160,"column":26},"end":{"line":160,"column":93}},{"start":{"line":161,"column":26},"end":{"line":161,"column":40}}],"line":159},"29":{"loc":{"start":{"line":166,"column":16},"end":{"line":173,"column":17}},"type":"if","locations":[{"start":{"line":166,"column":16},"end":{"line":173,"column":17}},{"start":{"line":166,"column":16},"end":{"line":173,"column":17}}],"line":166},"30":{"loc":{"start":{"line":180,"column":16},"end":{"line":190,"column":17}},"type":"if","locations":[{"start":{"line":180,"column":16},"end":{"line":190,"column":17}},{"start":{"line":180,"column":16},"end":{"line":190,"column":17}}],"line":180},"31":{"loc":{"start":{"line":209,"column":8},"end":{"line":211,"column":9}},"type":"if","locations":[{"start":{"line":209,"column":8},"end":{"line":211,"column":9}},{"start":{"line":209,"column":8},"end":{"line":211,"column":9}}],"line":209},"32":{"loc":{"start":{"line":217,"column":8},"end":{"line":219,"column":9}},"type":"if","locations":[{"start":{"line":217,"column":8},"end":{"line":219,"column":9}},{"start":{"line":217,"column":8},"end":{"line":219,"column":9}}],"line":217},"33":{"loc":{"start":{"line":217,"column":12},"end":{"line":217,"column":27}},"type":"binary-expr","locations":[{"start":{"line":217,"column":12},"end":{"line":217,"column":17}},{"start":{"line":217,"column":21},"end":{"line":217,"column":27}}],"line":217},"34":{"loc":{"start":{"line":221,"column":8},"end":{"line":226,"column":9}},"type":"if","locations":[{"start":{"line":221,"column":8},"end":{"line":226,"column":9}},{"start":{"line":221,"column":8},"end":{"line":226,"column":9}}],"line":221},"35":{"loc":{"start":{"line":225,"column":19},"end":{"line":225,"column":62}},"type":"cond-expr","locations":[{"start":{"line":225,"column":42},"end":{"line":225,"column":52}},{"start":{"line":225,"column":55},"end":{"line":225,"column":62}}],"line":225},"36":{"loc":{"start":{"line":232,"column":8},"end":{"line":234,"column":9}},"type":"if","locations":[{"start":{"line":232,"column":8},"end":{"line":234,"column":9}},{"start":{"line":232,"column":8},"end":{"line":234,"column":9}}],"line":232},"37":{"loc":{"start":{"line":236,"column":8},"end":{"line":238,"column":9}},"type":"if","locations":[{"start":{"line":236,"column":8},"end":{"line":238,"column":9}},{"start":{"line":236,"column":8},"end":{"line":238,"column":9}}],"line":236},"38":{"loc":{"start":{"line":236,"column":12},"end":{"line":236,"column":97}},"type":"binary-expr","locations":[{"start":{"line":236,"column":12},"end":{"line":236,"column":38}},{"start":{"line":236,"column":42},"end":{"line":236,"column":97}}],"line":236},"39":{"loc":{"start":{"line":246,"column":4},"end":{"line":258,"column":5}},"type":"if","locations":[{"start":{"line":246,"column":4},"end":{"line":258,"column":5}},{"start":{"line":246,"column":4},"end":{"line":258,"column":5}}],"line":246},"40":{"loc":{"start":{"line":249,"column":9},"end":{"line":258,"column":5}},"type":"if","locations":[{"start":{"line":249,"column":9},"end":{"line":258,"column":5}},{"start":{"line":249,"column":9},"end":{"line":258,"column":5}}],"line":249},"41":{"loc":{"start":{"line":249,"column":13},"end":{"line":249,"column":127}},"type":"binary-expr","locations":[{"start":{"line":249,"column":13},"end":{"line":249,"column":36}},{"start":{"line":249,"column":40},"end":{"line":249,"column":65}},{"start":{"line":249,"column":69},"end":{"line":249,"column":96}},{"start":{"line":249,"column":100},"end":{"line":249,"column":127}}],"line":249},"42":{"loc":{"start":{"line":253,"column":9},"end":{"line":258,"column":5}},"type":"if","locations":[{"start":{"line":253,"column":9},"end":{"line":258,"column":5}},{"start":{"line":253,"column":9},"end":{"line":258,"column":5}}],"line":253},"43":{"loc":{"start":{"line":256,"column":9},"end":{"line":258,"column":5}},"type":"if","locations":[{"start":{"line":256,"column":9},"end":{"line":258,"column":5}},{"start":{"line":256,"column":9},"end":{"line":258,"column":5}}],"line":256},"44":{"loc":{"start":{"line":263,"column":4},"end":{"line":275,"column":5}},"type":"if","locations":[{"start":{"line":263,"column":4},"end":{"line":275,"column":5}},{"start":{"line":263,"column":4},"end":{"line":275,"column":5}}],"line":263},"45":{"loc":{"start":{"line":266,"column":9},"end":{"line":275,"column":5}},"type":"if","locations":[{"start":{"line":266,"column":9},"end":{"line":275,"column":5}},{"start":{"line":266,"column":9},"end":{"line":275,"column":5}}],"line":266},"46":{"loc":{"start":{"line":269,"column":9},"end":{"line":275,"column":5}},"type":"if","locations":[{"start":{"line":269,"column":9},"end":{"line":275,"column":5}},{"start":{"line":269,"column":9},"end":{"line":275,"column":5}}],"line":269},"47":{"loc":{"start":{"line":269,"column":13},"end":{"line":269,"column":65}},"type":"binary-expr","locations":[{"start":{"line":269,"column":13},"end":{"line":269,"column":36}},{"start":{"line":269,"column":40},"end":{"line":269,"column":65}}],"line":269},"48":{"loc":{"start":{"line":273,"column":9},"end":{"line":275,"column":5}},"type":"if","locations":[{"start":{"line":273,"column":9},"end":{"line":275,"column":5}},{"start":{"line":273,"column":9},"end":{"line":275,"column":5}}],"line":273},"49":{"loc":{"start":{"line":288,"column":8},"end":{"line":290,"column":9}},"type":"if","locations":[{"start":{"line":288,"column":8},"end":{"line":290,"column":9}},{"start":{"line":288,"column":8},"end":{"line":290,"column":9}}],"line":288},"50":{"loc":{"start":{"line":295,"column":11},"end":{"line":295,"column":82}},"type":"cond-expr","locations":[{"start":{"line":295,"column":39},"end":{"line":295,"column":77}},{"start":{"line":295,"column":80},"end":{"line":295,"column":82}}],"line":295}},"s":{"0":0,"1":0,"2":0,"3":0,"4":0,"5":0,"6":0,"7":0,"8":0,"9":0,"10":0,"11":0,"12":0,"13":0,"14":0,"15":0,"16":0,"17":0,"18":0,"19":0,"20":0,"21":0,"22":0,"23":0,"24":0,"25":0,"26":0,"27":0,"28":0,"29":0,"30":0,"31":0,"32":0,"33":0,"34":0,"35":0,"36":0,"37":0,"38":0,"39":0,"40":0,"41":0,"42":0,"43":0,"44":0,"45":0,"46":0,"47":0,"48":0,"49":0,"50":0,"51":0,"52":0,"53":0,"54":0,"55":0,"56":0,"57":0,"58":0,"59":0,"60":0,"61":0,"62":0,"63":0,"64":0,"65":0,"66":0,"67":0,"68":0,"69":0,"70":0,"71":0,"72":0,"73":0,"74":0,"75":0,"76":0,"77":0,"78":0,"79":0,"80":0,"81":0,"82":0,"83":0,"84":0,"85":0,"86":0,"87":0,"88":0,"89":0,"90":0,"91":0,"92":0,"93":0,"94":0,"95":0,"96":0,"97":0,"98":0,"99":0,"100":0,"101":0,"102":0,"103":0,"104":0,"105":0,"106":0,"107":0,"108":0,"109":0,"110":0,"111":0,"112":0,"113":0,"114":0,"115":0,"116":0,"117":0,"118":0,"119":0,"120":0,"121":0,"122":0,"123":0,"124":0,"125":0,"126":0,"127":0,"128":0,"129":0,"130":0,"131":0,"132":0,"133":0,"134":0,"135":0,"136":0,"137":0,"138":0,"139":0,"140":0,"141":0,"142":0,"143":0,"144":0,"145":0,"146":0,"147":0,"148":0,"149":0,"150":0,"151":0,"152":0,"153":0},"f":{"0":0,"1":0,"2":0,"3":0,"4":0,"5":0,"6":0,"7":0,"8":0,"9":0,"10":0,"11":0,"12":0,"13":0,"14":0,"15":0,"16":0,"17":0,"18":0,"19":0},"b":{"0":[0,0,0],"1":[0,0],"2":[0,0],"3":[0,0],"4":[0,0],"5":[0,0],"6":[0,0],"7":[0,0],"8":[0,0],"9":[0,0],"10":[0,0],"11":[0,0],"12":[0,0],"13":[0,0],"14":[0,0],"15":[0,0],"16":[0,0],"17":[0,0],"18":[0,0],"19":[0,0],"20":[0,0,0,0,0,0,0,0,0],"21":[0,0],"22":[0,0],"23":[0,0],"24":[0,0],"25":[0,0],"26":[0,0],"27":[0,0],"28":[0,0],"29":[0,0],"30":[0,0],"31":[0,0],"32":[0,0],"33":[0,0],"34":[0,0],"35":[0,0],"36":[0,0],"37":[0,0],"38":[0,0],"39":[0,0],"40":[0,0],"41":[0,0,0,0],"42":[0,0],"43":[0,0],"44":[0,0],"45":[0,0],"46":[0,0],"47":[0,0],"48":[0,0],"49":[0,0],"50":[0,0]},"inputSourceMap":{"version":3,"file":"index.js","sourceRoot":"","sources":["../src/index.ts"],"names":[],"mappings":";;;;;AAAA,wBAAwB;AACxB,kDAA8B;AAC9B,gEAA8B;AAC9B,8DAA6B;AAC7B,0DAAsC;AACtC,8CAAsB;AACtB,oEAA+C;AAC/C,gEAAwC;AACxC,gEAAwC;AACxC,wDAAgC;AAChC,mDAA+D;AAE/D,MAAM,KAAK,GAAG,IAAA,eAAS,EAAC,aAAa,CAAC,CAAC;AAEvC,cAAc;AACd,MAAM,WAAW;IAGf,YAAY,IAAI;QACd,IAAI,OAAO,CAAA;QACX,MAAM,IAAI,GAAG,IAAI,CAAA;QACjB,MAAM,KAAK,GAAG,MAAM,CAAC,MAAM,CAAC,EAAE,EAAE,IAAI,CAAC,CAAA;QAErC,0BAA0B;QAC1B,IAAI,CAAC,QAAQ,GAAG,EAAE,CAAA;QAElB,aAAa;QACb,IAAI,KAAK,CAAC,GAAG,IAAI,KAAK,CAAC,GAAG,CAAC,OAAO,EAAE;YAClC,OAAO,GAAG,KAAK,CAAC,GAAG,CAAC,OAAO,CAAA;SAC5B;aAAM;YACL,OAAO,GAAG,CAAC;oBACT,OAAO,EAAE,KAAK;iBACf,CAAC,CAAA;SACH;QAED,OAAO,CAAC,OAAO,CAAC,UAAU,KAAK;YAC7B,wDAAwD;YACxD,KAAK,CAAC,OAAO,CAAC,WAAW,GAAG,KAAK,CAAC,OAAO,CAAC,WAAW,IAAI,UAAU,CAAA;YACnE,KAAK,CAAC,OAAO,CAAC,WAAW,GAAG,KAAK,CAAC,OAAO,CAAC,WAAW,IAAI,EAAE,CAAA;YAC3D,KAAK,CAAC,OAAO,CAAC,OAAO,GAAG,KAAK,CAAC,OAAO,CAAC,OAAO,IAAI,EAAE,CAAA;YACnD,KAAK,CAAC,OAAO,CAAC,OAAO,GAAG,KAAK,CAAC,OAAO,CAAC,OAAO,IAAI,EAAE,CAAA;YACnD,KAAK,CAAC,OAAO,CAAC,QAAQ,GAAG,KAAK,CAAC,OAAO,CAAC,QAAQ,IAAI,EAAE,CAAA;YACrD,KAAK,CAAC,OAAO,CAAC,QAAQ,CAAC,QAAQ,GAAG,KAAK,CAAC,OAAO,CAAC,QAAQ,CAAC,QAAQ,IAAI,0BAA0B,CAAA;YAE/F,KAAK,CAAC,OAAO,CAAC,QAAQ,GAAG,CAAC,CAAA;YAC1B,KAAK,CAAC,OAAO,CAAC,WAAW,GAAG,CAAC,CAAA;YAC7B,KAAK,CAAC,OAAO,CAAC,QAAQ,CAAC,IAAI,GAAG,CAAC,CAAA;YAE/B,eAAQ,CAAC,OAAO,CAAC,KAAK,CAAC,OAAO,EAAE,UAAU,GAAG,EAAE,KAAK;gBAClD,IAAI,CAAC,KAAK,EAAE;oBACV,MAAM,GAAG,CAAA;iBACV;gBAED,IAAI,CAAC,QAAQ,CAAC,IAAI,CAAC,IAAI,CAAC,OAAO,CAAC,KAAK,CAAC,OAAO,CAAC,CAAC,CAAA;YACjD,CAAC,CAAC,CAAA;QACJ,CAAC,CAAC,CAAA;IACJ,CAAC;IACD,OAAO,CAAC,OAAO;QACb,+BAA+B;QAC/B,OAAO,CAAC,QAAQ,GAAG,EAAE,CAAA;QACrB,OAAO,CAAC,UAAU,GAAG,EAAE,CAAA;QACvB,OAAO,CAAC,UAAU,GAAG,EAAE,CAAA;QACvB,OAAO,CAAC,UAAU,GAAG,EAAE,CAAA;QACvB,OAAO,CAAC,QAAQ,CAAC,OAAO,GAAG,KAAK,CAAA;QAChC,OAAO,CAAC,QAAQ,CAAC,SAAS,GAAG,KAAK,CAAA;QAElC,0BAA0B;QAC1B,IAAI,OAAO,CAAC,WAAW,IAAI,OAAO,CAAC,WAAW,CAAC,MAAM,EAAE;YACrD,KAAK,CAAC,sDAAsD,CAAC,CAAA;YAE7D,OAAO,CAAC,QAAQ,GAAG,OAAO,CAAC,WAAW,CAAC,MAAM,CAAC,iBAAO,EAAE,EAAE,CAAC,CAAA;SAC3D;QAED,4BAA4B;QAC5B,IAAI,OAAO,CAAC,OAAO,IAAI,OAAO,CAAC,OAAO,CAAC,MAAM,EAAE;YAC7C,MAAM,iBAAiB,GAAG,UAAU,CAAA;YACpC,OAAO,CAAC,UAAU,GAAG,OAAO,CAAC,OAAO,CAAC,MAAM,CAAC,UAAU,OAAO,EAAE,MAAM;gBACnE,IAAI,UAAU,GAAG,MAAM,CAAC,IAAI,CAAA;gBAC5B,IAAI,OAAO,CAAC,WAAW,CAAC,KAAK,CAAC,iBAAiB,CAAC,EAAE;oBAChD,UAAU,GAAG,UAAU,CAAC,WAAW,EAAE,CAAA;iBACtC;gBAED,OAAO,CAAC,UAAU,CAAC,GAAG,MAAM,CAAC,KAAK,CAAA;gBAClC,OAAO,OAAO,CAAA;YAChB,CAAC,EAAE,EAAE,CAAC,CAAA;SACP;QAED,4BAA4B;QAC5B,IAAI,OAAO,CAAC,OAAO,IAAI,OAAO,CAAC,OAAO,CAAC,MAAM,EAAE;YAC7C,OAAO,CAAC,UAAU,GAAG,OAAO,CAAC,OAAO,CAAC,WAAW,CAAC,UAAU,OAAO,EAAE,MAAM;gBACxE,OAAO,CAAC,MAAM,CAAC,IAAI,CAAC,GAAG,MAAM,CAAC,KAAK,CAAA;gBACnC,OAAO,OAAO,CAAA;YAChB,CAAC,EAAE,EAAE,CAAC,CAAA;SACP;QAED,0BAA0B;QAC1B,MAAM,OAAO,GAAG,OAAO,CAAC,OAAO,CAAC,GAAG,CAAC,UAAU,MAAM;YAClD,OAAO,kBAAkB,CAAC,MAAM,CAAC,IAAI,CAAC,GAAG,GAAG,GAAG,kBAAkB,CAAC,MAAM,CAAC,KAAK,CAAC,CAAA;QACjF,CAAC,CAAC,CAAA;QAEF,IAAI,OAAO,CAAC,MAAM,EAAE;YAClB,OAAO,CAAC,UAAU,CAAC,MAAM,GAAG,OAAO,CAAC,IAAI,CAAC,IAAI,CAAC,CAAA;SAC/C;QAED,QAAQ,OAAO,CAAC,QAAQ,CAAC,QAAQ,EAAE;YACjC,KAAK,iBAAiB,CAAC;YACvB,KAAK,mBAAmB,CAAC;YACzB,KAAK,qBAAqB,CAAC;YAC3B,KAAK,uBAAuB;gBAC1B,eAAe;gBACf,OAAO,CAAC,QAAQ,CAAC,IAAI,GAAG,EAAE,CAAA;gBAC1B,OAAO,CAAC,QAAQ,CAAC,QAAQ,GAAG,qBAAqB,CAAA;gBAEjD,IAAI,OAAO,CAAC,QAAQ,CAAC,MAAM,EAAE;oBAC3B,MAAM,IAAI,GAAG,IAAI,mBAAa,EAAE,CAAA;oBAEhC,6GAA6G;oBAC7G,0GAA0G;oBAC1G,gDAAgD;oBAChD,EAAE;oBACF,+GAA+G;oBAC/G,wBAAwB;oBACxB,yCAAyC;oBACzC,EAAE;oBACF,2GAA2G;oBAC3G,6GAA6G;oBAC7G,EAAE;oBACF,4GAA4G;oBAC5G,gHAAgH;oBAChH,wEAAwE;oBACxE,MAAM,gBAAgB,GAAG,CAAC,OAAO,IAAI,CAAC,MAAM,CAAC,QAAQ,CAAC,KAAK,UAAU,CAAC,CAAA;oBAEtE,wDAAwD;oBACxD,aAAa;oBACb,MAAM,QAAQ,GAAG,6BAA6B,CAAA;oBAC9C,2BAA2B;oBAC3B,8BAA8B;oBAC9B,IAAI;oBAEJ,OAAO,CAAC,QAAQ,CAAC,MAAM,CAAC,OAAO,CAAC,UAAU,KAAK;wBAC7C,MAAM,IAAI,GAAG,KAAK,CAAC,IAAI,CAAA;wBACvB,MAAM,KAAK,GAAG,KAAK,CAAC,KAAK,IAAI,EAAE,CAAA;wBAC/B,MAAM,QAAQ,GAAG,KAAK,CAAC,QAAQ,IAAI,IAAI,CAAA;wBAEvC,IAAI,gBAAgB,EAAE;4BACpB,IAAI,IAAA,kBAAM,EAAC,KAAK,CAAC,EAAE;gCACjB,IAAI,CAAC,MAAM,CAAC,IAAI,EAAE,KAAK,EAAE,QAAQ,CAAC,CAAA;6BACnC;iCAAM;gCACL,IAAI,CAAC,MAAM,CAAC,IAAI,EAAE,KAAK,CAAC,CAAA;6BACzB;yBACF;6BAAM;4BACL,IAAI,CAAC,MAAM,CAAC,IAAI,EAAE,KAAK,EAAE;gCACvB,QAAQ,EAAE,QAAQ;gCAClB,WAAW,EAAE,KAAK,CAAC,WAAW,IAAI,IAAI;6BACvC,CAAC,CAAA;yBACH;oBACH,CAAC,CAAC,CAAA;oBAEF,IAAI,gBAAgB,EAAE;wBACpB,oCAAoC;wBACpC,aAAa;wBACb,KAAK,MAAM,IAAI,IAAI,IAAA,4BAAgB,EAAC,IAAI,EAAE,QAAQ,CAAC,EAAE;4BACnD,OAAO,CAAC,QAAQ,CAAC,IAAI,IAAI,IAAI,CAAA;yBAC9B;qBACF;yBAAM;wBACL,iDAAiD;wBACjD,IAAI,CAAC,IAAI,CAAC,sBAAE,CAAC,GAAG,CAAC,UAAU,IAAI;4BAC7B,OAAO,CAAC,QAAQ,CAAC,IAAI,IAAI,IAAI,CAAA;wBAC/B,CAAC,CAAC,CAAC,CAAA;qBACJ;oBAED,OAAO,CAAC,QAAQ,CAAC,QAAQ,GAAG,QAAQ,CAAA;oBAEpC,2GAA2G;oBAC3G,YAAY;oBACZ,MAAM,iBAAiB,GAAG,iBAAO,CAAC,SAAS,CAAC,OAAO,CAAC,UAAU,EAAE,cAAc,CAAC;wBAC7E,CAAC,CAAC,iBAAO,CAAC,aAAa,CAAC,OAAO,CAAC,UAAU,EAAE,cAAc,CAAC;wBAC3D,CAAC,CAAC,cAAc,CAAA;oBAElB,OAAO,CAAC,UAAU,CAAC,iBAAiB,CAAC,GAAG,gCAAgC,GAAG,QAAQ,CAAA;iBACpF;gBACD,MAAK;YAEP,KAAK,mCAAmC;gBACtC,IAAI,CAAC,OAAO,CAAC,QAAQ,CAAC,MAAM,EAAE;oBAC5B,OAAO,CAAC,QAAQ,CAAC,IAAI,GAAG,EAAE,CAAA;iBAC3B;qBAAM;oBACL,OAAO,CAAC,QAAQ,CAAC,SAAS,GAAG,OAAO,CAAC,QAAQ,CAAC,MAAM,CAAC,MAAM,CAAC,iBAAO,EAAE,EAAE,CAAC,CAAA;oBAExE,mBAAmB;oBACnB,OAAO,CAAC,QAAQ,CAAC,IAAI,GAAG,qBAAE,CAAC,SAAS,CAAC,OAAO,CAAC,QAAQ,CAAC,SAAS,CAAC,CAAA;iBACjE;gBACD,MAAK;YAEP,KAAK,WAAW,CAAC;YACjB,KAAK,aAAa,CAAC;YACnB,KAAK,kBAAkB,CAAC;YACxB,KAAK,oBAAoB;gBACvB,OAAO,CAAC,QAAQ,CAAC,QAAQ,GAAG,kBAAkB,CAAA;gBAE9C,IAAI,OAAO,CAAC,QAAQ,CAAC,IAAI,EAAE;oBACzB,IAAI;wBACF,OAAO,CAAC,QAAQ,CAAC,OAAO,GAAG,IAAI,CAAC,KAAK,CAAC,OAAO,CAAC,QAAQ,CAAC,IAAI,CAAC,CAAA;qBAC7D;oBAAC,OAAO,CAAC,EAAE;wBACV,KAAK,CAAC,CAAC,CAAC,CAAA;wBAER,2BAA2B;wBAC3B,wEAAwE;wBACxE,OAAO,CAAC,QAAQ,CAAC,QAAQ,GAAG,YAAY,CAAA;qBACzC;iBACF;gBACD,MAAK;SACR;QAED,2BAA2B;QAC3B,OAAO,CAAC,UAAU,GAAG,MAAM,CAAC,MAAM,CAAC,OAAO,CAAC,UAAU,EAAE,OAAO,CAAC,UAAU,CAAC,CAAA;QAE1E,sBAAsB;QACtB,kDAAkD;QAClD,OAAO,CAAC,MAAM,GAAG,aAAG,CAAC,KAAK,CAAC,OAAO,CAAC,GAAG,EAAE,IAAI,EAAE,IAAI,CAAC,CAAA;QAEnD,wCAAwC;QACxC,OAAO,CAAC,QAAQ,GAAG,MAAM,CAAC,MAAM,CAAC,OAAO,CAAC,QAAQ,EAAE,OAAO,CAAC,MAAM,CAAC,KAAK,CAAC,CAAA;QAExE,sCAAsC;QACtC,OAAO,CAAC,MAAM,CAAC,KAAK,GAAG,IAAI,CAAA;QAC3B,OAAO,CAAC,MAAM,CAAC,MAAM,GAAG,IAAI,CAAA;QAC5B,OAAO,CAAC,MAAM,CAAC,IAAI,GAAG,OAAO,CAAC,MAAM,CAAC,QAAQ,CAAA;QAE7C,yCAAyC;QACzC,OAAO,CAAC,GAAG,GAAG,aAAG,CAAC,MAAM,CAAC,OAAO,CAAC,MAAM,CAAC,CAAA;QAExC,wBAAwB;QACxB,OAAO,CAAC,MAAM,CAAC,KAAK,GAAG,OAAO,CAAC,QAAQ,CAAA;QACvC,OAAO,CAAC,MAAM,CAAC,MAAM,GAAG,qBAAE,CAAC,SAAS,CAAC,OAAO,CAAC,QAAQ,CAAC,CAAA;QAEtD,IAAI,OAAO,CAAC,MAAM,CAAC,MAAM,EAAE;YACzB,OAAO,CAAC,MAAM,CAAC,IAAI,GAAG,OAAO,CAAC,MAAM,CAAC,QAAQ,GAAG,GAAG,GAAG,OAAO,CAAC,MAAM,CAAC,MAAM,CAAA;SAC5E;QAED,uBAAuB;QACvB,OAAO,CAAC,OAAO,GAAG,aAAG,CAAC,MAAM,CAAC,OAAO,CAAC,MAAM,CAAC,CAAA;QAE5C,OAAO,OAAO,CAAA;IAChB,CAAC;IACD,OAAO,CAAC,MAAM,EAAE,MAAM,EAAE,IAAI;QAC1B,IAAI,CAAC,IAAI,IAAI,MAAM,EAAE;YACnB,IAAI,GAAG,MAAM,CAAA;SACd;QAED,MAAM,IAAI,GAAG,IAAI,CAAC,YAAY,CAAC,MAAM,EAAE,MAAM,CAAC,CAAA;QAC9C,IAAI,IAAI,EAAE;YACR,MAAM,OAAO,GAAG,IAAI,CAAC,QAAQ,CAAC,GAAG,CAAC,UAAU,OAAO;gBACjD,OAAO,IAAI,CAAC,OAAO,EAAE,IAAI,CAAC,CAAA;YAC5B,CAAC,CAAC,CAAA;YAEF,OAAO,OAAO,CAAC,MAAM,KAAK,CAAC,CAAC,CAAC,CAAC,OAAO,CAAC,CAAC,CAAC,CAAC,CAAC,CAAC,OAAO,CAAA;SACnD;QAED,OAAO,KAAK,CAAA;IACd,CAAC;IACD,YAAY,CAAC,MAAM,EAAE,MAAM;QACzB,iBAAiB;QACjB,iDAAiD;QACjD,IAAI,CAAC,iBAAO,CAAC,cAAc,CAAC,MAAM,CAAC,EAAE;YACnC,OAAO,KAAK,CAAA;SACb;QAED,YAAY;QACZ,IAAI,OAAO,MAAM,KAAK,QAAQ,IAAI,OAAO,iBAAO,CAAC,MAAM,CAAC,CAAC,MAAM,CAAC,KAAK,UAAU,EAAE;YAC/E,OAAO,iBAAO,CAAC,MAAM,CAAC,CAAC,MAAM,CAAC,CAAA;SAC/B;QAED,iBAAiB;QACjB,OAAO,iBAAO,CAAC,MAAM,CAAC,CAAC,iBAAO,CAAC,MAAM,CAAC,CAAC,IAAI,CAAC,OAAO,CAAC,CAAA;IACtD,CAAC;CACF;AAED,UAAU;AACV,MAAM,CAAC,OAAO,GAAG,WAAW,CAAA;AAE5B,MAAM,CAAC,OAAO,CAAC,SAAS,GAAG,UAAU,MAAM;IACzC,IAAI,CAAC,CAAC,MAAM,IAAI,MAAM,CAAC,EAAE;QACvB,MAAM,IAAI,KAAK,CAAC,2DAA2D,CAAC,CAAA;KAC7E;SAAM,IAAI,CAAC,CAAC,KAAK,IAAI,MAAM,CAAC,IAAI,CAAC,IAAI,CAAC,CAAC,OAAO,IAAI,MAAM,CAAC,IAAI,CAAC,IAAI,CAAC,CAAC,SAAS,IAAI,MAAM,CAAC,IAAI,CAAC,IAAI,CAAC,CAAC,SAAS,IAAI,MAAM,CAAC,IAAI,CAAC,EAAE;QAC7H,MAAM,IAAI,KAAK,CAAC,iHAAiH,CAAC,CAAA;QACpI,iDAAiD;KAChD;SAAM,IAAI,iBAAO,CAAC,cAAc,CAAC,MAAM,CAAC,IAAI,CAAC,GAAG,CAAC,EAAE;QAClD,MAAM,IAAI,KAAK,CAAC,4CAA4C,CAAC,CAAA;KAC9D;SAAM,IAAI,MAAM,CAAC,IAAI,CAAC,MAAM,CAAC,CAAC,MAAM,KAAK,CAAC,EAAE;QAC3C,MAAM,IAAI,KAAK,CAAC,mDAAmD,CAAC,CAAA;KACrE;IAED,iBAAO,CAAC,MAAM,CAAC,IAAI,CAAC,GAAG,CAAC,GAAG,MAAM,CAAA;AACnC,CAAC,CAAA;AAED,MAAM,CAAC,OAAO,CAAC,eAAe,GAAG,UAAU,MAAM,EAAE,MAAM;IACvD,iDAAiD;IACjD,IAAI,CAAC,iBAAO,CAAC,cAAc,CAAC,MAAM,CAAC,EAAE;QACnC,MAAM,IAAI,KAAK,CAAC,iBAAiB,MAAM,mCAAmC,CAAC,CAAA;KAC5E;SAAM,IAAI,CAAC,CAAC,MAAM,IAAI,MAAM,CAAC,EAAE;QAC9B,MAAM,IAAI,KAAK,CAAC,kEAAkE,CAAC,CAAA;KACpF;SAAM,IAAI,CAAC,CAAC,KAAK,IAAI,MAAM,CAAC,IAAI,CAAC,IAAI,CAAC,CAAC,OAAO,IAAI,MAAM,CAAC,IAAI,CAAC,EAAE;QAC/D,MAAM,IAAI,KAAK,CAAC,iGAAiG,CAAC,CAAA;QACpH,iDAAiD;KAChD;SAAM,IAAI,iBAAO,CAAC,MAAM,CAAC,CAAC,cAAc,CAAC,MAAM,CAAC,IAAI,CAAC,GAAG,CAAC,EAAE;QAC1D,MAAM,IAAI,KAAK,CAAC,8EAA8E,CAAC,CAAA;KAChG;IAED,iBAAO,CAAC,MAAM,CAAC,CAAC,MAAM,CAAC,IAAI,CAAC,GAAG,CAAC,GAAG,MAAM,CAAA;AAC3C,CAAC,CAAA;AAED,MAAM,CAAC,OAAO,CAAC,gBAAgB,GAAG;IAChC,OAAO,MAAM,CAAC,IAAI,CAAC,iBAAO,CAAC,CAAC,GAAG,CAAC,UAAU,GAAG;QAC3C,MAAM,MAAM,GAAG,MAAM,CAAC,MAAM,CAAC,EAAE,EAAE,iBAAO,CAAC,GAAG,CAAC,CAAC,IAAI,CAAC,CAAA;QACnD,MAAM,OAAO,GAAG,MAAM,CAAC,IAAI,CAAC,iBAAO,CAAC,GAAG,CAAC,CAAC;aACtC,MAAM,CAAC,UAAU,IAAI;YACpB,OAAO,CAAC,CAAC,CAAC,MAAM,EAAE,OAAO,CAAC,CAAC,OAAO,CAAC,IAAI,CAAC,CAAA;QAC1C,CAAC,CAAC;aACD,GAAG,CAAC,UAAU,MAAM;YACnB,OAAO,iBAAO,CAAC,GAAG,CAAC,CAAC,MAAM,CAAC,CAAC,IAAI,CAAA;QAClC,CAAC,CAAC,CAAA;QAEJ,IAAI,OAAO,CAAC,MAAM,EAAE;YAClB,MAAM,CAAC,OAAO,GAAG,OAAO,CAAA;SACzB;QAED,OAAO,MAAM,CAAA;IACf,CAAC,CAAC,CAAA;AACJ,CAAC,CAAA;AAED,MAAM,CAAC,OAAO,CAAC,OAAO,GAAG,UAAU,MAAM;IACvC,OAAO,iBAAO,CAAC,MAAM,CAAC,CAAC,CAAC,CAAC,iBAAO,CAAC,MAAM,CAAC,CAAC,IAAI,CAAC,OAAO,CAAC,CAAC,CAAC,EAAE,CAAA;AAC5D,CAAC,CAAA"},"all":true},"/home/elianiva/Dev/teknologi-umum/httpsnippet/dist/targets/c/index.js":{"path":"/home/elianiva/Dev/teknologi-umum/httpsnippet/dist/targets/c/index.js","statementMap":{"0":{"start":{"line":2,"column":0},"end":{"line":10,"column":2}}},"fnMap":{},"branchMap":{},"s":{"0":0},"f":{},"b":{},"inputSourceMap":{"version":3,"file":"index.js","sourceRoot":"","sources":["../../../src/targets/c/index.js"],"names":[],"mappings":"AAAA,YAAY,CAAA;AAEZ,MAAM,CAAC,OAAO,GAAG;IACf,IAAI,EAAE;QACJ,GAAG,EAAE,GAAG;QACR,KAAK,EAAE,GAAG;QACV,OAAO,EAAE,IAAI;QACb,OAAO,EAAE,SAAS;KACnB;IAED,OAAO,EAAE,OAAO,CAAC,WAAW,CAAC;CAC9B,CAAA"},"all":true},"/home/elianiva/Dev/teknologi-umum/httpsnippet/dist/targets/c/libcurl.js":{"path":"/home/elianiva/Dev/teknologi-umum/httpsnippet/dist/targets/c/libcurl.js","statementMap":{"0":{"start":{"line":2,"column":20},"end":{"line":2,"column":57}},"1":{"start":{"line":3,"column":0},"end":{"line":32,"column":2}},"2":{"start":{"line":4,"column":17},"end":{"line":4,"column":34}},"3":{"start":{"line":5,"column":4},"end":{"line":8,"column":75}},"4":{"start":{"line":10,"column":20},"end":{"line":10,"column":50}},"5":{"start":{"line":12,"column":4},"end":{"line":19,"column":5}},"6":{"start":{"line":13,"column":8},"end":{"line":14,"column":56}},"7":{"start":{"line":15,"column":8},"end":{"line":17,"column":11}},"8":{"start":{"line":16,"column":12},"end":{"line":16,"column":102}},"9":{"start":{"line":18,"column":8},"end":{"line":18,"column":73}},"10":{"start":{"line":21,"column":4},"end":{"line":24,"column":5}},"11":{"start":{"line":22,"column":8},"end":{"line":23,"column":92}},"12":{"start":{"line":25,"column":4},"end":{"line":28,"column":5}},"13":{"start":{"line":26,"column":8},"end":{"line":27,"column":106}},"14":{"start":{"line":29,"column":4},"end":{"line":30,"column":56}},"15":{"start":{"line":31,"column":4},"end":{"line":31,"column":23}},"16":{"start":{"line":33,"column":0},"end":{"line":38,"column":2}}},"fnMap":{"0":{"name":"(anonymous_0)","decl":{"start":{"line":3,"column":17},"end":{"line":3,"column":18}},"loc":{"start":{"line":3,"column":44},"end":{"line":32,"column":1}},"line":3},"1":{"name":"(anonymous_1)","decl":{"start":{"line":15,"column":24},"end":{"line":15,"column":25}},"loc":{"start":{"line":15,"column":39},"end":{"line":17,"column":9}},"line":15}},"branchMap":{"0":{"loc":{"start":{"line":12,"column":4},"end":{"line":19,"column":5}},"type":"if","locations":[{"start":{"line":12,"column":4},"end":{"line":19,"column":5}},{"start":{"line":12,"column":4},"end":{"line":19,"column":5}}],"line":12},"1":{"loc":{"start":{"line":21,"column":4},"end":{"line":24,"column":5}},"type":"if","locations":[{"start":{"line":21,"column":4},"end":{"line":24,"column":5}},{"start":{"line":21,"column":4},"end":{"line":24,"column":5}}],"line":21},"2":{"loc":{"start":{"line":25,"column":4},"end":{"line":28,"column":5}},"type":"if","locations":[{"start":{"line":25,"column":4},"end":{"line":28,"column":5}},{"start":{"line":25,"column":4},"end":{"line":28,"column":5}}],"line":25}},"s":{"0":0,"1":0,"2":0,"3":0,"4":0,"5":0,"6":0,"7":0,"8":0,"9":0,"10":0,"11":0,"12":0,"13":0,"14":0,"15":0,"16":0},"f":{"0":0,"1":0},"b":{"0":[0,0],"1":[0,0],"2":[0,0]},"inputSourceMap":{"version":3,"file":"libcurl.js","sourceRoot":"","sources":["../../../src/targets/c/libcurl.js"],"names":[],"mappings":"AAAA,YAAY,CAAA;AAEZ,MAAM,WAAW,GAAG,OAAO,CAAC,4BAA4B,CAAC,CAAA;AAEzD,MAAM,CAAC,OAAO,GAAG,UAAU,MAAM,EAAE,OAAO;IACxC,MAAM,IAAI,GAAG,IAAI,WAAW,EAAE,CAAA;IAE9B,IAAI,CAAC,IAAI,CAAC,+BAA+B,CAAC;SACvC,KAAK,EAAE;SACP,IAAI,CAAC,qDAAqD,EAAE,MAAM,CAAC,MAAM,CAAC,WAAW,EAAE,CAAC;SACxF,IAAI,CAAC,2CAA2C,EAAE,MAAM,CAAC,OAAO,CAAC,CAAA;IAEpE,qCAAqC;IACrC,MAAM,OAAO,GAAG,MAAM,CAAC,IAAI,CAAC,MAAM,CAAC,UAAU,CAAC,CAAA;IAE9C,oBAAoB;IACpB,IAAI,OAAO,CAAC,MAAM,EAAE;QAClB,IAAI,CAAC,KAAK,EAAE;aACT,IAAI,CAAC,oCAAoC,CAAC,CAAA;QAE7C,OAAO,CAAC,OAAO,CAAC,UAAU,GAAG;YAC3B,IAAI,CAAC,IAAI,CAAC,iDAAiD,EAAE,GAAG,EAAE,MAAM,CAAC,UAAU,CAAC,GAAG,CAAC,CAAC,CAAA;QAC3F,CAAC,CAAC,CAAA;QAEF,IAAI,CAAC,IAAI,CAAC,qDAAqD,CAAC,CAAA;KACjE;IAED,oBAAoB;IACpB,IAAI,MAAM,CAAC,UAAU,CAAC,MAAM,EAAE;QAC5B,IAAI,CAAC,KAAK,EAAE;aACT,IAAI,CAAC,8CAA8C,EAAE,MAAM,CAAC,UAAU,CAAC,MAAM,CAAC,CAAA;KAClF;IAED,IAAI,MAAM,CAAC,QAAQ,CAAC,IAAI,EAAE;QACxB,IAAI,CAAC,KAAK,EAAE;aACT,IAAI,CAAC,gDAAgD,EAAE,IAAI,CAAC,SAAS,CAAC,MAAM,CAAC,QAAQ,CAAC,IAAI,CAAC,CAAC,CAAA;KAChG;IAED,IAAI,CAAC,KAAK,EAAE;SACT,IAAI,CAAC,wCAAwC,CAAC,CAAA;IAEjD,OAAO,IAAI,CAAC,IAAI,EAAE,CAAA;AACpB,CAAC,CAAA;AAED,MAAM,CAAC,OAAO,CAAC,IAAI,GAAG;IACpB,GAAG,EAAE,SAAS;IACd,KAAK,EAAE,SAAS;IAChB,IAAI,EAAE,8BAA8B;IACpC,WAAW,EAAE,uCAAuC;CACrD,CAAA"},"all":true},"/home/elianiva/Dev/teknologi-umum/httpsnippet/dist/targets/clojure/clj_http.js":{"path":"/home/elianiva/Dev/teknologi-umum/httpsnippet/dist/targets/clojure/clj_http.js","statementMap":{"0":{"start":{"line":11,"column":20},"end":{"line":11,"column":57}},"1":{"start":{"line":12,"column":16},"end":{"line":12,"column":48}},"2":{"start":{"line":13,"column":16},"end":{"line":15,"column":1}},"3":{"start":{"line":14,"column":4},"end":{"line":14,"column":21}},"4":{"start":{"line":16,"column":0},"end":{"line":18,"column":2}},"5":{"start":{"line":17,"column":4},"end":{"line":17,"column":27}},"6":{"start":{"line":19,"column":13},"end":{"line":21,"column":1}},"7":{"start":{"line":20,"column":4},"end":{"line":20,"column":21}},"8":{"start":{"line":22,"column":0},"end":{"line":24,"column":2}},"9":{"start":{"line":23,"column":4},"end":{"line":23,"column":56}},"10":{"start":{"line":25,"column":15},"end":{"line":29,"column":1}},"11":{"start":{"line":26,"column":4},"end":{"line":28,"column":15}},"12":{"start":{"line":30,"column":17},"end":{"line":34,"column":1}},"13":{"start":{"line":31,"column":4},"end":{"line":33,"column":16}},"14":{"start":{"line":35,"column":20},"end":{"line":40,"column":1}},"15":{"start":{"line":36,"column":4},"end":{"line":38,"column":48}},"16":{"start":{"line":37,"column":31},"end":{"line":37,"column":53}},"17":{"start":{"line":38,"column":32},"end":{"line":38,"column":44}},"18":{"start":{"line":39,"column":4},"end":{"line":39,"column":13}},"19":{"start":{"line":41,"column":17},"end":{"line":48,"column":1}},"20":{"start":{"line":42,"column":20},"end":{"line":46,"column":17}},"21":{"start":{"line":44,"column":8},"end":{"line":44,"column":19}},"22":{"start":{"line":47,"column":4},"end":{"line":47,"column":44}},"23":{"start":{"line":49,"column":16},"end":{"line":79,"column":1}},"24":{"start":{"line":50,"column":4},"end":{"line":78,"column":5}},"25":{"start":{"line":52,"column":12},"end":{"line":52,"column":55}},"26":{"start":{"line":54,"column":12},"end":{"line":54,"column":33}},"27":{"start":{"line":56,"column":12},"end":{"line":56,"column":33}},"28":{"start":{"line":58,"column":12},"end":{"line":58,"column":25}},"29":{"start":{"line":60,"column":12},"end":{"line":60,"column":42}},"30":{"start":{"line":62,"column":24},"end":{"line":67,"column":23}},"31":{"start":{"line":64,"column":28},"end":{"line":64,"column":70}},"32":{"start":{"line":65,"column":16},"end":{"line":65,"column":59}},"33":{"start":{"line":68,"column":12},"end":{"line":68,"column":48}},"34":{"start":{"line":71,"column":24},"end":{"line":73,"column":25}},"35":{"start":{"line":72,"column":16},"end":{"line":72,"column":48}},"36":{"start":{"line":74,"column":12},"end":{"line":74,"column":48}},"37":{"start":{"line":77,"column":12},"end":{"line":77,"column":33}},"38":{"start":{"line":80,"column":0},"end":{"line":136,"column":2}},"39":{"start":{"line":81,"column":17},"end":{"line":81,"column":41}},"40":{"start":{"line":82,"column":20},"end":{"line":82,"column":80}},"41":{"start":{"line":83,"column":4},"end":{"line":85,"column":5}},"42":{"start":{"line":84,"column":8},"end":{"line":84,"column":56}},"43":{"start":{"line":86,"column":19},"end":{"line":89,"column":5}},"44":{"start":{"line":90,"column":4},"end":{"line":121,"column":5}},"45":{"start":{"line":92,"column":12},"end":{"line":92,"column":57}},"46":{"start":{"line":93,"column":12},"end":{"line":93,"column":60}},"47":{"start":{"line":94,"column":12},"end":{"line":94,"column":89}},"48":{"start":{"line":95,"column":12},"end":{"line":95,"column":18}},"49":{"start":{"line":97,"column":12},"end":{"line":97,"column":62}},"50":{"start":{"line":98,"column":12},"end":{"line":98,"column":89}},"51":{"start":{"line":99,"column":12},"end":{"line":99,"column":18}},"52":{"start":{"line":101,"column":12},"end":{"line":101,"column":47}},"53":{"start":{"line":102,"column":12},"end":{"line":102,"column":89}},"54":{"start":{"line":103,"column":12},"end":{"line":103,"column":18}},"55":{"start":{"line":105,"column":12},"end":{"line":118,"column":15}},"56":{"start":{"line":106,"column":16},"end":{"line":117,"column":17}},"57":{"start":{"line":107,"column":20},"end":{"line":110,"column":22}},"58":{"start":{"line":113,"column":20},"end":{"line":116,"column":22}},"59":{"start":{"line":119,"column":12},"end":{"line":119,"column":89}},"60":{"start":{"line":120,"column":12},"end":{"line":120,"column":18}},"61":{"start":{"line":122,"column":4},"end":{"line":127,"column":5}},"62":{"start":{"line":124,"column":12},"end":{"line":124,"column":48}},"63":{"start":{"line":125,"column":12},"end":{"line":125,"column":83}},"64":{"start":{"line":126,"column":12},"end":{"line":126,"column":18}},"65":{"start":{"line":128,"column":4},"end":{"line":128,"column":60}},"66":{"start":{"line":129,"column":4},"end":{"line":134,"column":5}},"67":{"start":{"line":130,"column":8},"end":{"line":130,"column":79}},"68":{"start":{"line":133,"column":8},"end":{"line":133,"column":169}},"69":{"start":{"line":135,"column":4},"end":{"line":135,"column":23}},"70":{"start":{"line":137,"column":0},"end":{"line":142,"column":2}}},"fnMap":{"0":{"name":"(anonymous_0)","decl":{"start":{"line":13,"column":16},"end":{"line":13,"column":17}},"loc":{"start":{"line":13,"column":32},"end":{"line":15,"column":1}},"line":13},"1":{"name":"(anonymous_1)","decl":{"start":{"line":16,"column":29},"end":{"line":16,"column":30}},"loc":{"start":{"line":16,"column":41},"end":{"line":18,"column":1}},"line":16},"2":{"name":"(anonymous_2)","decl":{"start":{"line":19,"column":13},"end":{"line":19,"column":14}},"loc":{"start":{"line":19,"column":29},"end":{"line":21,"column":1}},"line":19},"3":{"name":"(anonymous_3)","decl":{"start":{"line":22,"column":26},"end":{"line":22,"column":27}},"loc":{"start":{"line":22,"column":38},"end":{"line":24,"column":1}},"line":22},"4":{"name":"(anonymous_4)","decl":{"start":{"line":25,"column":15},"end":{"line":25,"column":16}},"loc":{"start":{"line":25,"column":28},"end":{"line":29,"column":1}},"line":25},"5":{"name":"(anonymous_5)","decl":{"start":{"line":30,"column":17},"end":{"line":30,"column":18}},"loc":{"start":{"line":30,"column":30},"end":{"line":34,"column":1}},"line":30},"6":{"name":"(anonymous_6)","decl":{"start":{"line":35,"column":20},"end":{"line":35,"column":21}},"loc":{"start":{"line":35,"column":33},"end":{"line":40,"column":1}},"line":35},"7":{"name":"(anonymous_7)","decl":{"start":{"line":37,"column":16},"end":{"line":37,"column":17}},"loc":{"start":{"line":37,"column":29},"end":{"line":37,"column":55}},"line":37},"8":{"name":"(anonymous_8)","decl":{"start":{"line":38,"column":17},"end":{"line":38,"column":18}},"loc":{"start":{"line":38,"column":30},"end":{"line":38,"column":46}},"line":38},"9":{"name":"(anonymous_9)","decl":{"start":{"line":41,"column":17},"end":{"line":41,"column":18}},"loc":{"start":{"line":41,"column":33},"end":{"line":48,"column":1}},"line":41},"10":{"name":"(anonymous_10)","decl":{"start":{"line":43,"column":13},"end":{"line":43,"column":14}},"loc":{"start":{"line":43,"column":26},"end":{"line":45,"column":5}},"line":43},"11":{"name":"(anonymous_11)","decl":{"start":{"line":49,"column":16},"end":{"line":49,"column":17}},"loc":{"start":{"line":49,"column":30},"end":{"line":79,"column":1}},"line":49},"12":{"name":"(anonymous_12)","decl":{"start":{"line":63,"column":24},"end":{"line":63,"column":25}},"loc":{"start":{"line":63,"column":44},"end":{"line":66,"column":13}},"line":63},"13":{"name":"(anonymous_13)","decl":{"start":{"line":71,"column":34},"end":{"line":71,"column":35}},"loc":{"start":{"line":71,"column":54},"end":{"line":73,"column":13}},"line":71},"14":{"name":"(anonymous_14)","decl":{"start":{"line":80,"column":17},"end":{"line":80,"column":18}},"loc":{"start":{"line":80,"column":44},"end":{"line":136,"column":1}},"line":80},"15":{"name":"(anonymous_15)","decl":{"start":{"line":105,"column":58},"end":{"line":105,"column":59}},"loc":{"start":{"line":105,"column":71},"end":{"line":118,"column":13}},"line":105}},"branchMap":{"0":{"loc":{"start":{"line":26,"column":11},"end":{"line":28,"column":14}},"type":"cond-expr","locations":[{"start":{"line":27,"column":10},"end":{"line":27,"column":42}},{"start":{"line":28,"column":10},"end":{"line":28,"column":14}}],"line":26},"1":{"loc":{"start":{"line":31,"column":11},"end":{"line":33,"column":15}},"type":"cond-expr","locations":[{"start":{"line":32,"column":10},"end":{"line":32,"column":37}},{"start":{"line":33,"column":10},"end":{"line":33,"column":15}}],"line":31},"2":{"loc":{"start":{"line":50,"column":4},"end":{"line":78,"column":5}},"type":"switch","locations":[{"start":{"line":51,"column":8},"end":{"line":52,"column":55}},{"start":{"line":53,"column":8},"end":{"line":54,"column":33}},{"start":{"line":55,"column":8},"end":{"line":56,"column":33}},{"start":{"line":57,"column":8},"end":{"line":58,"column":25}},{"start":{"line":59,"column":8},"end":{"line":60,"column":42}},{"start":{"line":61,"column":8},"end":{"line":69,"column":9}},{"start":{"line":70,"column":8},"end":{"line":75,"column":9}},{"start":{"line":76,"column":8},"end":{"line":77,"column":33}}],"line":50},"3":{"loc":{"start":{"line":83,"column":4},"end":{"line":85,"column":5}},"type":"if","locations":[{"start":{"line":83,"column":4},"end":{"line":85,"column":5}},{"start":{"line":83,"column":4},"end":{"line":85,"column":5}}],"line":83},"4":{"loc":{"start":{"line":90,"column":4},"end":{"line":121,"column":5}},"type":"switch","locations":[{"start":{"line":91,"column":8},"end":{"line":95,"column":18}},{"start":{"line":96,"column":8},"end":{"line":99,"column":18}},{"start":{"line":100,"column":8},"end":{"line":103,"column":18}},{"start":{"line":104,"column":8},"end":{"line":120,"column":18}}],"line":90},"5":{"loc":{"start":{"line":106,"column":16},"end":{"line":117,"column":17}},"type":"if","locations":[{"start":{"line":106,"column":16},"end":{"line":117,"column":17}},{"start":{"line":106,"column":16},"end":{"line":117,"column":17}}],"line":106},"6":{"loc":{"start":{"line":106,"column":20},"end":{"line":106,"column":42}},"type":"binary-expr","locations":[{"start":{"line":106,"column":20},"end":{"line":106,"column":30}},{"start":{"line":106,"column":34},"end":{"line":106,"column":42}}],"line":106},"7":{"loc":{"start":{"line":122,"column":4},"end":{"line":127,"column":5}},"type":"switch","locations":[{"start":{"line":123,"column":8},"end":{"line":126,"column":18}}],"line":122},"8":{"loc":{"start":{"line":129,"column":4},"end":{"line":134,"column":5}},"type":"if","locations":[{"start":{"line":129,"column":4},"end":{"line":134,"column":5}},{"start":{"line":129,"column":4},"end":{"line":134,"column":5}}],"line":129}},"s":{"0":0,"1":0,"2":0,"3":0,"4":0,"5":0,"6":0,"7":0,"8":0,"9":0,"10":0,"11":0,"12":0,"13":0,"14":0,"15":0,"16":0,"17":0,"18":0,"19":0,"20":0,"21":0,"22":0,"23":0,"24":0,"25":0,"26":0,"27":0,"28":0,"29":0,"30":0,"31":0,"32":0,"33":0,"34":0,"35":0,"36":0,"37":0,"38":0,"39":0,"40":0,"41":0,"42":0,"43":0,"44":0,"45":0,"46":0,"47":0,"48":0,"49":0,"50":0,"51":0,"52":0,"53":0,"54":0,"55":0,"56":0,"57":0,"58":0,"59":0,"60":0,"61":0,"62":0,"63":0,"64":0,"65":0,"66":0,"67":0,"68":0,"69":0,"70":0},"f":{"0":0,"1":0,"2":0,"3":0,"4":0,"5":0,"6":0,"7":0,"8":0,"9":0,"10":0,"11":0,"12":0,"13":0,"14":0,"15":0},"b":{"0":[0,0],"1":[0,0],"2":[0,0,0,0,0,0,0,0],"3":[0,0],"4":[0,0,0,0],"5":[0,0],"6":[0,0],"7":[0],"8":[0,0]},"inputSourceMap":{"version":3,"file":"clj_http.js","sourceRoot":"","sources":["../../../src/targets/clojure/clj_http.js"],"names":[],"mappings":"AAAA;;;;;;;;GAQG;AAEH,YAAY,CAAA;AAEZ,MAAM,WAAW,GAAG,OAAO,CAAC,4BAA4B,CAAC,CAAA;AACzD,MAAM,OAAO,GAAG,OAAO,CAAC,uBAAuB,CAAC,CAAA;AAEhD,MAAM,OAAO,GAAG,UAAU,IAAI;IAC5B,IAAI,CAAC,IAAI,GAAG,IAAI,CAAA;AAClB,CAAC,CAAA;AAED,OAAO,CAAC,SAAS,CAAC,QAAQ,GAAG;IAC3B,OAAO,GAAG,GAAG,IAAI,CAAC,IAAI,CAAA;AACxB,CAAC,CAAA;AAED,MAAM,IAAI,GAAG,UAAU,IAAI;IACzB,IAAI,CAAC,IAAI,GAAG,IAAI,CAAA;AAClB,CAAC,CAAA;AAED,IAAI,CAAC,SAAS,CAAC,QAAQ,GAAG;IACxB,OAAO,yBAAyB,GAAG,IAAI,CAAC,IAAI,GAAG,IAAI,CAAA;AACrD,CAAC,CAAA;AAED,MAAM,MAAM,GAAG,UAAU,CAAC;IACxB,OAAO,CAAC,OAAO,CAAC,KAAK,WAAW,CAAC;QAC/B,CAAC,CAAC,CAAC,CAAC,WAAW,CAAC,IAAI,CAAC,WAAW,EAAE;QAClC,CAAC,CAAC,IAAI,CAAA;AACV,CAAC,CAAA;AAED,MAAM,QAAQ,GAAG,UAAU,CAAC;IAC1B,OAAO,CAAC,MAAM,CAAC,CAAC,CAAC,KAAK,QAAQ,CAAC;QAC7B,CAAC,CAAC,MAAM,CAAC,IAAI,CAAC,CAAC,CAAC,CAAC,MAAM,KAAK,CAAC;QAC7B,CAAC,CAAC,KAAK,CAAA;AACX,CAAC,CAAA;AAED,MAAM,WAAW,GAAG,UAAU,CAAC;IAC7B,MAAM,CAAC,IAAI,CAAC,CAAC,CAAC;SACX,MAAM,CAAC,UAAU,CAAC,IAAI,OAAO,QAAQ,CAAC,CAAC,CAAC,CAAC,CAAC,CAAC,CAAA,CAAC,CAAC,CAAC;SAC9C,OAAO,CAAC,UAAU,CAAC,IAAI,OAAO,CAAC,CAAC,CAAC,CAAC,CAAA,CAAC,CAAC,CAAC,CAAA;IACxC,OAAO,CAAC,CAAA;AACV,CAAC,CAAA;AAED,MAAM,QAAQ,GAAG,UAAU,CAAC,EAAE,CAAC;IAC7B,MAAM,OAAO,GAAG,KAAK,CAAC,KAAK,CAAC,IAAI,EAAE,KAAK,CAAC,CAAC,CAAC,CAAC;SACxC,GAAG,CAAC,UAAU,CAAC;QACd,OAAO,GAAG,CAAA;IACZ,CAAC,CAAC;SACD,IAAI,CAAC,EAAE,CAAC,CAAA;IACX,OAAO,CAAC,CAAC,OAAO,CAAC,KAAK,EAAE,IAAI,GAAG,OAAO,CAAC,CAAA;AACzC,CAAC,CAAA;AAED,MAAM,OAAO,GAAG,UAAU,EAAE;IAC1B,QAAQ,MAAM,CAAC,EAAE,CAAC,EAAE;QAClB,KAAK,QAAQ;YACX,OAAO,GAAG,GAAG,EAAE,CAAC,OAAO,CAAC,IAAI,EAAE,KAAK,CAAC,GAAG,GAAG,CAAA;QAC5C,KAAK,MAAM;YACT,OAAO,EAAE,CAAC,QAAQ,EAAE,CAAA;QACtB,KAAK,SAAS;YACZ,OAAO,EAAE,CAAC,QAAQ,EAAE,CAAA;QACtB,KAAK,MAAM;YACT,OAAO,KAAK,CAAA;QACd,KAAK,QAAQ;YACX,OAAO,IAAI,GAAG,EAAE,CAAC,MAAM,GAAG,GAAG,CAAA;QAC/B,KAAK,QAAQ,CAAC,CAAC,EAAE,yBAAyB;YACxC,MAAM,GAAG,GAAG,MAAM,CAAC,IAAI,CAAC,EAAE,CAAC;iBACxB,MAAM,CAAC,UAAU,GAAG,EAAE,GAAG;gBACxB,MAAM,GAAG,GAAG,QAAQ,CAAC,GAAG,CAAC,MAAM,GAAG,CAAC,EAAE,OAAO,CAAC,EAAE,CAAC,GAAG,CAAC,CAAC,CAAC,CAAA;gBACtD,OAAO,GAAG,GAAG,GAAG,GAAG,GAAG,GAAG,GAAG,GAAG,GAAG,GAAG,KAAK,CAAA;YAC5C,CAAC,EAAE,EAAE,CAAC;iBACL,IAAI,EAAE,CAAA;YACT,OAAO,GAAG,GAAG,QAAQ,CAAC,CAAC,EAAE,GAAG,CAAC,GAAG,GAAG,CAAA;SACpC;QACD,KAAK,OAAO,CAAC,CAAC,EAAE,2BAA2B;YACzC,MAAM,GAAG,GAAG,EAAE,CAAC,MAAM,CAAC,UAAU,GAAG,EAAE,GAAG;gBACtC,OAAO,GAAG,GAAG,GAAG,GAAG,OAAO,CAAC,GAAG,CAAC,CAAA;YACjC,CAAC,EAAE,EAAE,CAAC,CAAC,IAAI,EAAE,CAAA;YACb,OAAO,GAAG,GAAG,QAAQ,CAAC,CAAC,EAAE,GAAG,CAAC,GAAG,GAAG,CAAA;SACpC;QACD,SAAS,qBAAqB;YAC5B,OAAO,EAAE,CAAC,QAAQ,EAAE,CAAA;KACvB;AACH,CAAC,CAAA;AAED,MAAM,CAAC,OAAO,GAAG,UAAU,MAAM,EAAE,OAAO;IACxC,MAAM,IAAI,GAAG,IAAI,WAAW,CAAC,OAAO,CAAC,CAAA;IACrC,MAAM,OAAO,GAAG,CAAC,KAAK,EAAE,MAAM,EAAE,KAAK,EAAE,QAAQ,EAAE,OAAO,EAAE,MAAM,EAAE,SAAS,CAAC,CAAA;IAE5E,IAAI,OAAO,CAAC,OAAO,CAAC,MAAM,CAAC,MAAM,CAAC,WAAW,EAAE,CAAC,KAAK,CAAC,CAAC,EAAE;QACvD,OAAO,IAAI,CAAC,IAAI,CAAC,sBAAsB,CAAC,CAAC,IAAI,EAAE,CAAA;KAChD;IAED,MAAM,MAAM,GAAG;QACb,OAAO,EAAE,MAAM,CAAC,UAAU;QAC1B,cAAc,EAAE,MAAM,CAAC,QAAQ;KAChC,CAAA;IAED,QAAQ,MAAM,CAAC,QAAQ,CAAC,QAAQ,EAAE;QAChC,KAAK,kBAAkB;YACrB,MAAM,CAAC,cAAc,CAAC,GAAG,IAAI,OAAO,CAAC,MAAM,CAAC,CAAA;YAC5C,MAAM,CAAC,aAAa,CAAC,GAAG,MAAM,CAAC,QAAQ,CAAC,OAAO,CAAA;YAC/C,OAAO,MAAM,CAAC,OAAO,CAAC,OAAO,CAAC,aAAa,CAAC,MAAM,CAAC,OAAO,EAAE,cAAc,CAAC,CAAC,CAAA;YAC5E,MAAK;QACP,KAAK,mCAAmC;YACtC,MAAM,CAAC,aAAa,CAAC,GAAG,MAAM,CAAC,QAAQ,CAAC,SAAS,CAAA;YACjD,OAAO,MAAM,CAAC,OAAO,CAAC,OAAO,CAAC,aAAa,CAAC,MAAM,CAAC,OAAO,EAAE,cAAc,CAAC,CAAC,CAAA;YAC5E,MAAK;QACP,KAAK,YAAY;YACf,MAAM,CAAC,IAAI,GAAG,MAAM,CAAC,QAAQ,CAAC,IAAI,CAAA;YAClC,OAAO,MAAM,CAAC,OAAO,CAAC,OAAO,CAAC,aAAa,CAAC,MAAM,CAAC,OAAO,EAAE,cAAc,CAAC,CAAC,CAAA;YAC5E,MAAK;QACP,KAAK,qBAAqB;YACxB,MAAM,CAAC,SAAS,GAAG,MAAM,CAAC,QAAQ,CAAC,MAAM,CAAC,GAAG,CAAC,UAAU,CAAC;gBACvD,IAAI,CAAC,CAAC,QAAQ,IAAI,CAAC,CAAC,CAAC,KAAK,EAAE;oBAC1B,OAAO;wBACL,IAAI,EAAE,CAAC,CAAC,IAAI;wBACZ,OAAO,EAAE,IAAI,IAAI,CAAC,CAAC,CAAC,QAAQ,CAAC;qBAC9B,CAAA;iBACF;qBAAM;oBACL,OAAO;wBACL,IAAI,EAAE,CAAC,CAAC,IAAI;wBACZ,OAAO,EAAE,CAAC,CAAC,KAAK;qBACjB,CAAA;iBACF;YACH,CAAC,CAAC,CAAA;YACF,OAAO,MAAM,CAAC,OAAO,CAAC,OAAO,CAAC,aAAa,CAAC,MAAM,CAAC,OAAO,EAAE,cAAc,CAAC,CAAC,CAAA;YAC5E,MAAK;KACR;IAED,QAAQ,OAAO,CAAC,SAAS,CAAC,MAAM,CAAC,OAAO,EAAE,QAAQ,CAAC,EAAE;QACnD,KAAK,kBAAkB;YACrB,MAAM,CAAC,MAAM,GAAG,IAAI,OAAO,CAAC,MAAM,CAAC,CAAA;YACnC,OAAO,MAAM,CAAC,OAAO,CAAC,OAAO,CAAC,aAAa,CAAC,MAAM,CAAC,OAAO,EAAE,QAAQ,CAAC,CAAC,CAAA;YACtE,MAAK;KACR;IAED,IAAI,CAAC,IAAI,CAAC,4CAA4C,CAAC,CAAA;IAEvD,IAAI,QAAQ,CAAC,WAAW,CAAC,MAAM,CAAC,CAAC,EAAE;QACjC,IAAI,CAAC,IAAI,CAAC,kBAAkB,EAAE,MAAM,CAAC,MAAM,CAAC,WAAW,EAAE,EAAE,MAAM,CAAC,GAAG,CAAC,CAAA;KACvE;SAAM;QACL,IAAI,CAAC,IAAI,CAAC,qBAAqB,EAAE,MAAM,CAAC,MAAM,CAAC,WAAW,EAAE,EAAE,MAAM,CAAC,GAAG,EAAE,QAAQ,CAAC,EAAE,GAAG,MAAM,CAAC,MAAM,CAAC,MAAM,GAAG,MAAM,CAAC,GAAG,CAAC,MAAM,EAAE,OAAO,CAAC,WAAW,CAAC,MAAM,CAAC,CAAC,CAAC,CAAC,CAAA;KACjK;IAED,OAAO,IAAI,CAAC,IAAI,EAAE,CAAA;AACpB,CAAC,CAAA;AAED,MAAM,CAAC,OAAO,CAAC,IAAI,GAAG;IACpB,GAAG,EAAE,UAAU;IACf,KAAK,EAAE,UAAU;IACjB,IAAI,EAAE,qCAAqC;IAC3C,WAAW,EAAE,8DAA8D;CAC5E,CAAA"},"all":true},"/home/elianiva/Dev/teknologi-umum/httpsnippet/dist/targets/clojure/
[...]
column":46}}],"line":39},"3":{"loc":{"start":{"line":42,"column":2},"end":{"line":44,"column":3}},"type":"if","locations":[{"start":{"line":42,"column":2},"end":{"line":44,"column":3}},{"start":{"line":42,"column":2},"end":{"line":44,"column":3}}],"line":42},"4":{"loc":{"start":{"line":43,"column":15},"end":{"line":43,"column":43}},"type":"cond-expr","locations":[{"start":{"line":43,"column":28},"end":{"line":43,"column":32}},{"start":{"line":43,"column":35},"end":{"line":43,"column":43}}],"line":43},"5":{"loc":{"start":{"line":46,"column":2},"end":{"line":48,"column":3}},"type":"if","locations":[{"start":{"line":46,"column":2},"end":{"line":48,"column":3}},{"start":{"line":46,"column":2},"end":{"line":48,"column":3}}],"line":46},"6":{"loc":{"start":{"line":47,"column":15},"end":{"line":47,"column":46}},"type":"cond-expr","locations":[{"start":{"line":47,"column":28},"end":{"line":47,"column":32}},{"start":{"line":47,"column":35},"end":{"line":47,"column":46}}],"line":47},"7":{"loc":{"start":{"line":50,"column":2},"end":{"line":52,"column":3}},"type":"if","locations":[{"start":{"line":50,"column":2},"end":{"line":52,"column":3}},{"start":{"line":50,"column":2},"end":{"line":52,"column":3}}],"line":50},"8":{"loc":{"start":{"line":51,"column":36},"end":{"line":51,"column":65}},"type":"cond-expr","locations":[{"start":{"line":51,"column":49},"end":{"line":51,"column":53}},{"start":{"line":51,"column":56},"end":{"line":51,"column":65}}],"line":51},"9":{"loc":{"start":{"line":54,"column":2},"end":{"line":56,"column":3}},"type":"if","locations":[{"start":{"line":54,"column":2},"end":{"line":56,"column":3}},{"start":{"line":54,"column":2},"end":{"line":56,"column":3}}],"line":54},"10":{"loc":{"start":{"line":58,"column":2},"end":{"line":60,"column":3}},"type":"if","locations":[{"start":{"line":58,"column":2},"end":{"line":60,"column":3}},{"start":{"line":58,"column":2},"end":{"line":60,"column":3}}],"line":58},"11":{"loc":{"start":{"line":62,"column":2},"end":{"line":64,"column":3}},"type":"if","locations":[{"start":{"line":62,"column":2},"end":{"line":64,"column":3}},{"start":{"line":62,"column":2},"end":{"line":64,"column":3}}],"line":62},"12":{"loc":{"start":{"line":66,"column":2},"end":{"line":68,"column":3}},"type":"if","locations":[{"start":{"line":66,"column":2},"end":{"line":68,"column":3}},{"start":{"line":66,"column":2},"end":{"line":68,"column":3}}],"line":66},"13":{"loc":{"start":{"line":70,"column":2},"end":{"line":72,"column":3}},"type":"if","locations":[{"start":{"line":70,"column":2},"end":{"line":72,"column":3}},{"start":{"line":70,"column":2},"end":{"line":72,"column":3}}],"line":70},"14":{"loc":{"start":{"line":75,"column":2},"end":{"line":89,"column":3}},"type":"if","locations":[{"start":{"line":75,"column":2},"end":{"line":89,"column":3}},{"start":{"line":75,"column":2},"end":{"line":89,"column":3}}],"line":75},"15":{"loc":{"start":{"line":81,"column":6},"end":{"line":87,"column":7}},"type":"if","locations":[{"start":{"line":81,"column":6},"end":{"line":87,"column":7}},{"start":{"line":81,"column":6},"end":{"line":87,"column":7}}],"line":81},"16":{"loc":{"start":{"line":96,"column":2},"end":{"line":107,"column":3}},"type":"if","locations":[{"start":{"line":96,"column":2},"end":{"line":107,"column":3}},{"start":{"line":96,"column":2},"end":{"line":107,"column":3}}],"line":96},"17":{"loc":{"start":{"line":98,"column":4},"end":{"line":104,"column":5}},"type":"if","locations":[{"start":{"line":98,"column":4},"end":{"line":104,"column":5}},{"start":{"line":98,"column":4},"end":{"line":104,"column":5}}],"line":98},"18":{"loc":{"start":{"line":98,"column":8},"end":{"line":98,"column":63}},"type":"binary-expr","locations":[{"start":{"line":98,"column":8},"end":{"line":98,"column":30}},{"start":{"line":98,"column":34},"end":{"line":98,"column":63}}],"line":98},"19":{"loc":{"start":{"line":99,"column":17},"end":{"line":99,"column":45}},"type":"cond-expr","locations":[{"start":{"line":99,"column":30},"end":{"line":99,"column":34}},{"start":{"line":99,"column":37},"end":{"line":99,"column":45}}],"line":99},"20":{"loc":{"start":{"line":109,"column":31},"end":{"line":109,"column":72}},"type":"cond-expr","locations":[{"start":{"line":109,"column":46},"end":{"line":109,"column":67}},{"start":{"line":109,"column":70},"end":{"line":109,"column":72}}],"line":109},"21":{"loc":{"start":{"line":109,"column":101},"end":{"line":109,"column":147}},"type":"cond-expr","locations":[{"start":{"line":109,"column":120},"end":{"line":109,"column":130}},{"start":{"line":109,"column":133},"end":{"line":109,"column":147}}],"line":109},"22":{"loc":{"start":{"line":111,"column":2},"end":{"line":113,"column":3}},"type":"if","locations":[{"start":{"line":111,"column":2},"end":{"line":113,"column":3}},{"start":{"line":111,"column":2},"end":{"line":113,"column":3}}],"line":111},"23":{"loc":{"start":{"line":111,"column":6},"end":{"line":111,"column":33}},"type":"binary-expr","locations":[{"start":{"line":111,"column":6},"end":{"line":111,"column":9}},{"start":{"line":111,"column":13},"end":{"line":111,"column":33}}],"line":111}},"s":{"0":0,"1":0,"2":0,"3":0,"4":0,"5":0,"6":0,"7":0,"8":0,"9":0,"10":0,"11":0,"12":0,"13":0,"14":0,"15":0,"16":0,"17":0,"18":0,"19":0,"20":0,"21":0,"22":0,"23":0,"24":0,"25":0,"26":0,"27":0,"28":0,"29":0,"30":0,"31":0,"32":0,"33":0,"34":0,"35":0,"36":0,"37":0,"38":0,"39":0,"40":0,"41":0,"42":0,"43":0,"44":0,"45":0,"46":0},"f":{"0":0,"1":0,"2":0,"3":0,"4":0},"b":{"0":[0,0],"1":[0,0],"2":[0,0],"3":[0,0],"4":[0,0],"5":[0,0],"6":[0,0],"7":[0,0],"8":[0,0],"9":[0,0],"10":[0,0],"11":[0,0],"12":[0,0],"13":[0,0],"14":[0,0],"15":[0,0],"16":[0,0],"17":[0,0],"18":[0,0],"19":[0,0],"20":[0,0],"21":[0,0],"22":[0,0],"23":[0,0]},"all":true},"/home/elianiva/Dev/teknologi-umum/httpsnippet/src/targets/shell/index.js":{"path":"/home/elianiva/Dev/teknologi-umum/httpsnippet/src/targets/shell/index.js","statementMap":{"0":{"start":{"line":3,"column":0},"end":{"line":14,"column":1}}},"fnMap":{},"branchMap":{},"s":{"0":0},"f":{},"b":{},"all":true},"/home/elianiva/Dev/teknologi-umum/httpsnippet/src/targets/shell/wget.js":{"path":"/home/elianiva/Dev/teknologi-umum/httpsnippet/src/targets/shell/wget.js","statementMap":{"0":{"start":{"line":13,"column":13},"end":{"line":13,"column":28}},"1":{"start":{"line":14,"column":16},"end":{"line":14,"column":46}},"2":{"start":{"line":15,"column":20},"end":{"line":15,"column":65}},"3":{"start":{"line":17,"column":0},"end":{"line":47,"column":1}},"4":{"start":{"line":18,"column":15},"end":{"line":22,"column":13}},"5":{"start":{"line":24,"column":15},"end":{"line":24,"column":96}},"6":{"start":{"line":26,"column":2},"end":{"line":30,"column":3}},"7":{"start":{"line":27,"column":4},"end":{"line":27,"column":57}},"8":{"start":{"line":29,"column":4},"end":{"line":29,"column":55}},"9":{"start":{"line":32,"column":2},"end":{"line":32,"column":56}},"10":{"start":{"line":34,"column":2},"end":{"line":37,"column":4}},"11":{"start":{"line":35,"column":19},"end":{"line":35,"column":69}},"12":{"start":{"line":36,"column":4},"end":{"line":36,"column":51}},"13":{"start":{"line":39,"column":2},"end":{"line":41,"column":3}},"14":{"start":{"line":40,"column":4},"end":{"line":40,"column":83}},"15":{"start":{"line":43,"column":2},"end":{"line":44,"column":48}},"16":{"start":{"line":46,"column":2},"end":{"line":46,"column":20}},"17":{"start":{"line":49,"column":0},"end":{"line":54,"column":1}}},"fnMap":{"0":{"name":"(anonymous_0)","decl":{"start":{"line":17,"column":17},"end":{"line":17,"column":18}},"loc":{"start":{"line":17,"column":44},"end":{"line":47,"column":1}},"line":17},"1":{"name":"(anonymous_1)","decl":{"start":{"line":34,"column":41},"end":{"line":34,"column":42}},"loc":{"start":{"line":34,"column":56},"end":{"line":37,"column":3}},"line":34}},"branchMap":{"0":{"loc":{"start":{"line":24,"column":44},"end":{"line":24,"column":95}},"type":"cond-expr","locations":[{"start":{"line":24,"column":68},"end":{"line":24,"column":89}},{"start":{"line":24,"column":92},"end":{"line":24,"column":95}}],"line":24},"1":{"loc":{"start":{"line":26,"column":2},"end":{"line":30,"column":3}},"type":"if","locations":[{"start":{"line":26,"column":2},"end":{"line":30,"column":3}},{"start":{"line":26,"column":2},"end":{"line":30,"column":3}}],"line":26},"2":{"loc":{"start":{"line":27,"column":25},"end":{"line":27,"column":56}},"type":"cond-expr","locations":[{"start":{"line":27,"column":38},"end":{"line":27,"column":42}},{"start":{"line":27,"column":45},"end":{"line":27,"column":56}}],"line":27},"3":{"loc":{"start":{"line":29,"column":25},"end":{"line":29,"column":54}},"type":"cond-expr","locations":[{"start":{"line":29,"column":38},"end":{"line":29,"column":42}},{"start":{"line":29,"column":45},"end":{"line":29,"column":54}}],"line":29},"4":{"loc":{"start":{"line":39,"column":2},"end":{"line":41,"column":3}},"type":"if","locations":[{"start":{"line":39,"column":2},"end":{"line":41,"column":3}},{"start":{"line":39,"column":2},"end":{"line":41,"column":3}}],"line":39},"5":{"loc":{"start":{"line":43,"column":12},"end":{"line":43,"column":51}},"type":"cond-expr","locations":[{"start":{"line":43,"column":25},"end":{"line":43,"column":29}},{"start":{"line":43,"column":32},"end":{"line":43,"column":51}}],"line":43}},"s":{"0":0,"1":0,"2":0,"3":0,"4":0,"5":0,"6":0,"7":0,"8":0,"9":0,"10":0,"11":0,"12":0,"13":0,"14":0,"15":0,"16":0,"17":0},"f":{"0":0,"1":0},"b":{"0":[0,0],"1":[0,0],"2":[0,0],"3":[0,0],"4":[0,0],"5":[0,0]},"all":true},"/home/elianiva/Dev/teknologi-umum/httpsnippet/src/targets/swift/helpers.js":{"path":"/home/elianiva/Dev/teknologi-umum/httpsnippet/src/targets/swift/helpers.js","statementMap":{"0":{"start":{"line":3,"column":13},"end":{"line":3,"column":28}},"1":{"start":{"line":13,"column":2},"end":{"line":13,"column":89}},"2":{"start":{"line":21,"column":24},"end":{"line":21,"column":61}},"3":{"start":{"line":22,"column":29},"end":{"line":22,"column":70}},"4":{"start":{"line":23,"column":15},"end":{"line":23,"column":52}},"5":{"start":{"line":25,"column":2},"end":{"line":29,"column":3}},"6":{"start":{"line":26,"column":4},"end":{"line":26,"column":83}},"7":{"start":{"line":28,"column":4},"end":{"line":28,"column":37}},"8":{"start":{"line":32,"column":0},"end":{"line":90,"column":1}},"9":{"start":{"line":42,"column":4},"end":{"line":42,"column":89}},"10":{"start":{"line":53,"column":4},"end":{"line":53,"column":65}},"11":{"start":{"line":55,"column":4},"end":{"line":88,"column":5}},"12":{"start":{"line":57,"column":8},"end":{"line":57,"column":20}},"13":{"start":{"line":61,"column":21},"end":{"line":61,"column":26}},"14":{"start":{"line":62,"column":37},"end":{"line":68,"column":21}},"15":{"start":{"line":64,"column":10},"end":{"line":66,"column":11}},"16":{"start":{"line":65,"column":12},"end":{"line":65,"column":46}},"17":{"start":{"line":67,"column":10},"end":{"line":67,"column":65}},"18":{"start":{"line":69,"column":8},"end":{"line":69,"column":82}},"19":{"start":{"line":73,"column":30},"end":{"line":73,"column":32}},"20":{"start":{"line":74,"column":8},"end":{"line":76,"column":9}},"21":{"start":{"line":75,"column":10},"end":{"line":75,"column":113}},"22":{"start":{"line":77,"column":8},"end":{"line":77,"column":108}},"23":{"start":{"line":81,"column":8},"end":{"line":81,"column":31}},"24":{"start":{"line":84,"column":8},"end":{"line":86,"column":9}},"25":{"start":{"line":85,"column":10},"end":{"line":85,"column":19}},"26":{"start":{"line":87,"column":8},"end":{"line":87,"column":64}}},"fnMap":{"0":{"name":"buildString","decl":{"start":{"line":12,"column":9},"end":{"line":12,"column":20}},"loc":{"start":{"line":12,"column":35},"end":{"line":14,"column":1}},"line":12},"1":{"name":"concatArray","decl":{"start":{"line":20,"column":9},"end":{"line":20,"column":20}},"loc":{"start":{"line":20,"column":61},"end":{"line":30,"column":1}},"line":20},"2":{"name":"(anonymous_2)","decl":{"start":{"line":41,"column":22},"end":{"line":41,"column":23}},"loc":{"start":{"line":41,"column":56},"end":{"line":43,"column":3}},"line":41},"3":{"name":"(anonymous_3)","decl":{"start":{"line":52,"column":25},"end":{"line":52,"column":26}},"loc":{"start":{"line":52,"column":61},"end":{"line":89,"column":3}},"line":52},"4":{"name":"(anonymous_4)","decl":{"start":{"line":62,"column":47},"end":{"line":62,"column":48}},"loc":{"start":{"line":62,"column":60},"end":{"line":68,"column":9}},"line":62}},"branchMap":{"0":{"loc":{"start":{"line":23,"column":15},"end":{"line":23,"column":52}},"type":"cond-expr","locations":[{"start":{"line":23,"column":24},"end":{"line":23,"column":45}},{"start":{"line":23,"column":48},"end":{"line":23,"column":52}}],"line":23},"1":{"loc":{"start":{"line":25,"column":2},"end":{"line":29,"column":3}},"type":"if","locations":[{"start":{"line":25,"column":2},"end":{"line":29,"column":3}},{"start":{"line":25,"column":2},"end":{"line":29,"column":3}}],"line":25},"2":{"loc":{"start":{"line":53,"column":18},"end":{"line":53,"column":65}},"type":"cond-expr","locations":[{"start":{"line":53,"column":46},"end":{"line":53,"column":47}},{"start":{"line":53,"column":50},"end":{"line":53,"column":65}}],"line":53},"3":{"loc":{"start":{"line":55,"column":4},"end":{"line":88,"column":5}},"type":"switch","locations":[{"start":{"line":56,"column":6},"end":{"line":57,"column":20}},{"start":{"line":59,"column":6},"end":{"line":70,"column":7}},{"start":{"line":72,"column":6},"end":{"line":78,"column":7}},{"start":{"line":80,"column":6},"end":{"line":81,"column":31}},{"start":{"line":83,"column":6},"end":{"line":87,"column":64}}],"line":55},"4":{"loc":{"start":{"line":64,"column":10},"end":{"line":66,"column":11}},"type":"if","locations":[{"start":{"line":64,"column":10},"end":{"line":66,"column":11}},{"start":{"line":64,"column":10},"end":{"line":66,"column":11}}],"line":64},"5":{"loc":{"start":{"line":77,"column":42},"end":{"line":77,"column":81}},"type":"binary-expr","locations":[{"start":{"line":77,"column":42},"end":{"line":77,"column":53}},{"start":{"line":77,"column":57},"end":{"line":77,"column":81}}],"line":77},"6":{"loc":{"start":{"line":84,"column":8},"end":{"line":86,"column":9}},"type":"if","locations":[{"start":{"line":84,"column":8},"end":{"line":86,"column":9}},{"start":{"line":84,"column":8},"end":{"line":86,"column":9}}],"line":84},"7":{"loc":{"start":{"line":84,"column":12},"end":{"line":84,"column":49}},"type":"binary-expr","locations":[{"start":{"line":84,"column":12},"end":{"line":84,"column":26}},{"start":{"line":84,"column":30},"end":{"line":84,"column":49}}],"line":84}},"s":{"0":0,"1":0,"2":0,"3":0,"4":0,"5":0,"6":0,"7":0,"8":0,"9":0,"10":0,"11":0,"12":0,"13":0,"14":0,"15":0,"16":0,"17":0,"18":0,"19":0,"20":0,"21":0,"22":0,"23":0,"24":0,"25":0,"26":0},"f":{"0":0,"1":0,"2":0,"3":0,"4":0},"b":{"0":[0,0],"1":[0,0],"2":[0,0],"3":[0,0,0,0,0],"4":[0,0],"5":[0,0],"6":[0,0],"7":[0,0]},"all":true},"/home/elianiva/Dev/teknologi-umum/httpsnippet/src/targets/swift/index.js":{"path":"/home/elianiva/Dev/teknologi-umum/httpsnippet/src/targets/swift/index.js","statementMap":{"0":{"start":{"line":3,"column":0},"end":{"line":12,"column":1}}},"fnMap":{},"branchMap":{},"s":{"0":0},"f":{},"b":{},"all":true},"/home/elianiva/Dev/teknologi-umum/httpsnippet/src/targets/swift/nsurlsession.js":{"path":"/home/elianiva/Dev/teknologi-umum/httpsnippet/src/targets/swift/nsurlsession.js","statementMap":{"0":{"start":{"line":13,"column":16},"end":{"line":13,"column":36}},"1":{"start":{"line":14,"column":20},"end":{"line":14,"column":65}},"2":{"start":{"line":16,"column":0},"end":{"line":131,"column":1}},"3":{"start":{"line":17,"column":15},"end":{"line":21,"column":13}},"4":{"start":{"line":23,"column":15},"end":{"line":23,"column":43}},"5":{"start":{"line":26,"column":14},"end":{"line":29,"column":3}},"6":{"start":{"line":32,"column":2},"end":{"line":32,"column":32}},"7":{"start":{"line":34,"column":2},"end":{"line":38,"column":3}},"8":{"start":{"line":35,"column":4},"end":{"line":35,"column":25}},"9":{"start":{"line":36,"column":4},"end":{"line":37,"column":75}},"10":{"start":{"line":40,"column":2},"end":{"line":98,"column":3}},"11":{"start":{"line":41,"column":4},"end":{"line":41,"column":22}},"12":{"start":{"line":43,"column":4},"end":{"line":97,"column":5}},"13":{"start":{"line":48,"column":8},"end":{"line":49,"column":162}},"14":{"start":{"line":50,"column":8},"end":{"line":52,"column":9}},"15":{"start":{"line":50,"column":21},"end":{"line":50,"column":22}},"16":{"start":{"line":50,"column":30},"end":{"line":50,"column":59}},"17":{"start":{"line":51,"column":10},"end":{"line":51,"column":148}},"18":{"start":{"line":53,"column":8},"end":{"line":53,"column":13}},"19":{"start":{"line":56,"column":8},"end":{"line":60,"column":9}},"20":{"start":{"line":57,"column":10},"end":{"line":59,"column":99}},"21":{"start":{"line":61,"column":8},"end":{"line":61,"column":13}},"22":{"start":{"line":69,"column":8},"end":{"line":91,"column":20}},"23":{"start":{"line":92,"column":8},"end":{"line":92,"column":13}},"24":{"start":{"line":95,"column":8},"end":{"line":96,"column":109}},"25":{"start":{"line":100,"column":2},"end":{"line":105,"column":53}},"26":{"start":{"line":107,"column":2},"end":{"line":109,"column":3}},"27":{"start":{"line":108,"column":4},"end":{"line":108,"column":54}},"28":{"start":{"line":111,"column":2},"end":{"line":113,"column":3}},"29":{"start":{"line":112,"column":4},"end":{"line":112,"column":52}},"30":{"start":{"line":115,"column":2},"end":{"line":128,"column":30}},"31":{"start":{"line":130,"column":2},"end":{"line":130,"column":20}},"32":{"start":{"line":133,"column":0},"end":{"line":138,"column":1}}},"fnMap":{"0":{"name":"(anonymous_0)","decl":{"start":{"line":16,"column":17},"end":{"line":16,"column":18}},"loc":{"start":{"line":16,"column":44},"end":{"line":131,"column":1}},"line":16}},"branchMap":{"0":{"loc":{"start":{"line":34,"column":2},"end":{"line":38,"column":3}},"type":"if","locations":[{"start":{"line":34,"column":2},"end":{"line":38,"column":3}},{"start":{"line":34,"column":2},"end":{"line":38,"column":3}}],"line":34},"1":{"loc":{"start":{"line":40,"column":2},"end":{"line":98,"column":3}},"type":"if","locations":[{"start":{"line":40,"column":2},"end":{"line":98,"column":3}},{"start":{"line":40,"column":2},"end":{"line":98,"column":3}}],"line":40},"2":{"loc":{"start":{"line":40,"column":6},"end":{"line":40,"column":79}},"type":"binary-expr","locations":[{"start":{"line":40,"column":6},"end":{"line":40,"column":26}},{"start":{"line":40,"column":30},"end":{"line":40,"column":53}},{"start":{"line":40,"column":57},"end":{"line":40,"column":79}}],"line":40},"3":{"loc":{"start":{"line":43,"column":4},"end":{"line":97,"column":5}},"type":"switch","locations":[{"start":{"line":44,"column":6},"end":{"line":53,"column":13}},{"start":{"line":55,"column":6},"end":{"line":61,"column":13}},{"start":{"line":63,"column":6},"end":{"line":92,"column":13}},{"start":{"line":94,"column":6},"end":{"line":96,"column":109}}],"line":43},"4":{"loc":{"start":{"line":56,"column":8},"end":{"line":60,"column":9}},"type":"if","locations":[{"start":{"line":56,"column":8},"end":{"line":60,"column":9}},{"start":{"line":56,"column":8},"end":{"line":60,"column":9}}],"line":56},"5":{"loc":{"start":{"line":107,"column":2},"end":{"line":109,"column":3}},"type":"if","locations":[{"start":{"line":107,"column":2},"end":{"line":109,"column":3}},{"start":{"line":107,"column":2},"end":{"line":109,"column":3}}],"line":107},"6":{"loc":{"start":{"line":111,"column":2},"end":{"line":113,"column":3}},"type":"if","locations":[{"start":{"line":111,"column":2},"end":{"line":113,"column":3}},{"start":{"line":111,"column":2},"end":{"line":113,"column":3}}],"line":111}},"s":{"0":0,"1":0,"2":0,"3":0,"4":0,"5":0,"6":0,"7":0,"8":0,"9":0,"10":0,"11":0,"12":0,"13":0,"14":0,"15":0,"16":0,"17":0,"18":0,"19":0,"20":0,"21":0,"22":0,"23":0,"24":0,"25":0,"26":0,"27":0,"28":0,"29":0,"30":0,"31":0,"32":0},"f":{"0":0},"b":{"0":[0,0],"1":[0,0],"2":[0,0,0],"3":[0,0,0,0],"4":[0,0],"5":[0,0],"6":[0,0]},"all":true}}